{"/Users/ssding/GraceHopperProgram/SeniorPhase/GraceShopper/organics-for-your-little-sister/server/api/users.spec.js":{"path":"/Users/ssding/GraceHopperProgram/SeniorPhase/GraceShopper/organics-for-your-little-sister/server/api/users.spec.js","statementMap":{"0":{"start":{"line":5,"column":15},"end":{"line":5,"column":30}},"1":{"start":{"line":6,"column":13},"end":{"line":6,"column":28}},"2":{"start":{"line":8,"column":14},"end":{"line":8,"column":34}},"3":{"start":{"line":9,"column":9},"end":{"line":9,"column":25}},"4":{"start":{"line":10,"column":10},"end":{"line":10,"column":29}},"5":{"start":{"line":11,"column":11},"end":{"line":11,"column":27}},"6":{"start":{"line":13,"column":0},"end":{"line":36,"column":3}},"7":{"start":{"line":14,"column":2},"end":{"line":16,"column":5}},"8":{"start":{"line":15,"column":4},"end":{"line":15,"column":36}},"9":{"start":{"line":18,"column":2},"end":{"line":35,"column":5}},"10":{"start":{"line":20,"column":4},"end":{"line":27,"column":7}},"11":{"start":{"line":21,"column":6},"end":{"line":26,"column":9}},"12":{"start":{"line":29,"column":4},"end":{"line":34,"column":7}},"13":{"start":{"line":30,"column":6},"end":{"line":33,"column":9}},"14":{"start":{"line":31,"column":8},"end":{"line":31,"column":43}},"15":{"start":{"line":32,"column":8},"end":{"line":32,"column":68}}},"fnMap":{"0":{"name":"(anonymous_0)","decl":{"start":{"line":13,"column":24},"end":{"line":13,"column":25}},"loc":{"start":{"line":13,"column":36},"end":{"line":36,"column":1}},"line":13},"1":{"name":"(anonymous_1)","decl":{"start":{"line":14,"column":13},"end":{"line":14,"column":14}},"loc":{"start":{"line":14,"column":25},"end":{"line":16,"column":3}},"line":14},"2":{"name":"(anonymous_2)","decl":{"start":{"line":18,"column":26},"end":{"line":18,"column":27}},"loc":{"start":{"line":18,"column":38},"end":{"line":35,"column":3}},"line":18},"3":{"name":"(anonymous_3)","decl":{"start":{"line":20,"column":15},"end":{"line":20,"column":16}},"loc":{"start":{"line":20,"column":27},"end":{"line":27,"column":5}},"line":20},"4":{"name":"(anonymous_4)","decl":{"start":{"line":29,"column":26},"end":{"line":29,"column":27}},"loc":{"start":{"line":29,"column":38},"end":{"line":34,"column":5}},"line":29},"5":{"name":"(anonymous_5)","decl":{"start":{"line":30,"column":61},"end":{"line":30,"column":62}},"loc":{"start":{"line":30,"column":76},"end":{"line":33,"column":7}},"line":30}},"branchMap":{},"s":{"0":1,"1":1,"2":1,"3":1,"4":1,"5":1,"6":1,"7":1,"8":0,"9":1,"10":1,"11":0,"12":1,"13":0,"14":0,"15":0},"f":{"0":1,"1":0,"2":1,"3":0,"4":0,"5":0},"b":{},"_coverageSchema":"332fd63041d2c1bcb487cc26dd0d5f7d97098a6c","hash":"b79e617a63e42aff78bb682f1be64135722c2eec","contentHash":"d4155dc99e16c037e6f3736f6d9de35c_11.4.1"},"/Users/ssding/GraceHopperProgram/SeniorPhase/GraceShopper/organics-for-your-little-sister/server/db/index.js":{"path":"/Users/ssding/GraceHopperProgram/SeniorPhase/GraceShopper/organics-for-your-little-sister/server/db/index.js","statementMap":{"0":{"start":{"line":3,"column":9},"end":{"line":3,"column":24}},"1":{"start":{"line":6,"column":0},"end":{"line":6,"column":20}},"2":{"start":{"line":8,"column":0},"end":{"line":8,"column":20}}},"fnMap":{},"branchMap":{},"s":{"0":1,"1":1,"2":1},"f":{},"b":{},"_coverageSchema":"332fd63041d2c1bcb487cc26dd0d5f7d97098a6c","hash":"2b79d3f0526bb8a9ccdc077176071ccb09047a05","contentHash":"5670fc0104506690553cdbd25c82a08c_11.4.1"},"/Users/ssding/GraceHopperProgram/SeniorPhase/GraceShopper/organics-for-your-little-sister/server/db/db.js":{"path":"/Users/ssding/GraceHopperProgram/SeniorPhase/GraceShopper/organics-for-your-little-sister/server/db/db.js","statementMap":{"0":{"start":{"line":3,"column":16},"end":{"line":3,"column":36}},"1":{"start":{"line":4,"column":10},"end":{"line":4,"column":39}},"2":{"start":{"line":6,"column":19},"end":{"line":6,"column":78}},"3":{"start":{"line":8,"column":9},"end":{"line":10,"column":2}},"4":{"start":{"line":11,"column":0},"end":{"line":11,"column":20}}},"fnMap":{},"branchMap":{"0":{"loc":{"start":{"line":6,"column":31},"end":{"line":6,"column":77}},"type":"cond-expr","locations":[{"start":{"line":6,"column":65},"end":{"line":6,"column":72}},{"start":{"line":6,"column":75},"end":{"line":6,"column":77}}],"line":6},"1":{"loc":{"start":{"line":8,"column":23},"end":{"line":8,"column":94}},"type":"binary-expr","locations":[{"start":{"line":8,"column":23},"end":{"line":8,"column":47}},{"start":{"line":8,"column":51},"end":{"line":8,"column":94}}],"line":8}},"s":{"0":1,"1":1,"2":1,"3":1,"4":1},"f":{},"b":{"0":[1,0],"1":[1,1]},"_coverageSchema":"332fd63041d2c1bcb487cc26dd0d5f7d97098a6c","hash":"9ebf759827bcd4e3f27154e841ed6b631a9b84cc","contentHash":"a78722166155e2bfde59b3a989dff07c_11.4.1"},"/Users/ssding/GraceHopperProgram/SeniorPhase/GraceShopper/organics-for-your-little-sister/server/db/models/index.js":{"path":"/Users/ssding/GraceHopperProgram/SeniorPhase/GraceShopper/organics-for-your-little-sister/server/db/models/index.js","statementMap":{"0":{"start":{"line":3,"column":9},"end":{"line":3,"column":25}},"1":{"start":{"line":4,"column":11},"end":{"line":4,"column":28}},"2":{"start":{"line":5,"column":14},"end":{"line":5,"column":34}},"3":{"start":{"line":6,"column":13},"end":{"line":6,"column":32}},"4":{"start":{"line":7,"column":15},"end":{"line":7,"column":36}},"5":{"start":{"line":8,"column":14},"end":{"line":8,"column":34}},"6":{"start":{"line":9,"column":12},"end":{"line":9,"column":30}},"7":{"start":{"line":16,"column":0},"end":{"line":16,"column":28}},"8":{"start":{"line":17,"column":0},"end":{"line":17,"column":26}},"9":{"start":{"line":18,"column":0},"end":{"line":18,"column":24}},"10":{"start":{"line":19,"column":0},"end":{"line":19,"column":24}},"11":{"start":{"line":20,"column":0},"end":{"line":20,"column":22}},"12":{"start":{"line":21,"column":0},"end":{"line":21,"column":24}},"13":{"start":{"line":22,"column":0},"end":{"line":22,"column":26}},"14":{"start":{"line":23,"column":0},"end":{"line":23,"column":20}},"15":{"start":{"line":24,"column":0},"end":{"line":24,"column":22}},"16":{"start":{"line":25,"column":0},"end":{"line":25,"column":23}},"17":{"start":{"line":26,"column":0},"end":{"line":26,"column":21}},"18":{"start":{"line":33,"column":0},"end":{"line":35,"column":2}}},"fnMap":{},"branchMap":{},"s":{"0":1,"1":1,"2":1,"3":1,"4":1,"5":1,"6":1,"7":1,"8":1,"9":1,"10":1,"11":1,"12":1,"13":1,"14":1,"15":1,"16":1,"17":1,"18":1},"f":{},"b":{},"_coverageSchema":"332fd63041d2c1bcb487cc26dd0d5f7d97098a6c","hash":"1c4e05a8f92f82b959c2ff6bc8f82b7d07ed74d0","contentHash":"7003b2897c000c8f9c461715b957d7d0_11.4.1"},"/Users/ssding/GraceHopperProgram/SeniorPhase/GraceShopper/organics-for-your-little-sister/server/db/models/user.js":{"path":"/Users/ssding/GraceHopperProgram/SeniorPhase/GraceShopper/organics-for-your-little-sister/server/db/models/user.js","statementMap":{"0":{"start":{"line":3,"column":13},"end":{"line":3,"column":30}},"1":{"start":{"line":4,"column":16},"end":{"line":4,"column":36}},"2":{"start":{"line":5,"column":9},"end":{"line":5,"column":25}},"3":{"start":{"line":7,"column":11},"end":{"line":63,"column":2}},"4":{"start":{"line":36,"column":18},"end":{"line":36,"column":22}},"5":{"start":{"line":38,"column":6},"end":{"line":40,"column":8}},"6":{"start":{"line":39,"column":8},"end":{"line":39,"column":46}},"7":{"start":{"line":48,"column":19},"end":{"line":48,"column":23}},"8":{"start":{"line":50,"column":6},"end":{"line":52,"column":8}},"9":{"start":{"line":51,"column":8},"end":{"line":51,"column":43}},"10":{"start":{"line":65,"column":0},"end":{"line":65,"column":22}},"11":{"start":{"line":70,"column":0},"end":{"line":72,"column":2}},"12":{"start":{"line":71,"column":2},"end":{"line":71,"column":77}},"13":{"start":{"line":77,"column":0},"end":{"line":79,"column":2}},"14":{"start":{"line":78,"column":2},"end":{"line":78,"column":51}},"15":{"start":{"line":81,"column":0},"end":{"line":83,"column":2}},"16":{"start":{"line":82,"column":2},"end":{"line":82,"column":86}},"17":{"start":{"line":88,"column":25},"end":{"line":93,"column":1}},"18":{"start":{"line":89,"column":2},"end":{"line":92,"column":3}},"19":{"start":{"line":90,"column":4},"end":{"line":90,"column":36}},"20":{"start":{"line":91,"column":4},"end":{"line":91,"column":71}},"21":{"start":{"line":95,"column":0},"end":{"line":95,"column":38}},"22":{"start":{"line":96,"column":0},"end":{"line":96,"column":38}}},"fnMap":{"0":{"name":"get","decl":{"start":{"line":35,"column":18},"end":{"line":35,"column":21}},"loc":{"start":{"line":35,"column":24},"end":{"line":41,"column":5}},"line":35},"1":{"name":"(anonymous_1)","decl":{"start":{"line":38,"column":13},"end":{"line":38,"column":14}},"loc":{"start":{"line":38,"column":25},"end":{"line":40,"column":7}},"line":38},"2":{"name":"get","decl":{"start":{"line":47,"column":18},"end":{"line":47,"column":21}},"loc":{"start":{"line":47,"column":24},"end":{"line":53,"column":5}},"line":47},"3":{"name":"(anonymous_3)","decl":{"start":{"line":50,"column":13},"end":{"line":50,"column":14}},"loc":{"start":{"line":50,"column":25},"end":{"line":52,"column":7}},"line":50},"4":{"name":"(anonymous_4)","decl":{"start":{"line":70,"column":33},"end":{"line":70,"column":34}},"loc":{"start":{"line":70,"column":57},"end":{"line":72,"column":1}},"line":70},"5":{"name":"(anonymous_5)","decl":{"start":{"line":77,"column":20},"end":{"line":77,"column":21}},"loc":{"start":{"line":77,"column":32},"end":{"line":79,"column":1}},"line":77},"6":{"name":"(anonymous_6)","decl":{"start":{"line":81,"column":23},"end":{"line":81,"column":24}},"loc":{"start":{"line":81,"column":50},"end":{"line":83,"column":1}},"line":81},"7":{"name":"setSaltAndPassword","decl":{"start":{"line":88,"column":34},"end":{"line":88,"column":52}},"loc":{"start":{"line":88,"column":59},"end":{"line":93,"column":1}},"line":88}},"branchMap":{"0":{"loc":{"start":{"line":89,"column":2},"end":{"line":92,"column":3}},"type":"if","locations":[{"start":{"line":89,"column":2},"end":{"line":92,"column":3}},{"start":{"line":89,"column":2},"end":{"line":92,"column":3}}],"line":89}},"s":{"0":1,"1":1,"2":1,"3":1,"4":5,"5":5,"6":5,"7":5,"8":5,"9":5,"10":1,"11":1,"12":2,"13":1,"14":3,"15":1,"16":5,"17":1,"18":3,"19":3,"20":3,"21":1,"22":1},"f":{"0":5,"1":5,"2":5,"3":5,"4":2,"5":3,"6":5,"7":3},"b":{"0":[3,0]},"_coverageSchema":"332fd63041d2c1bcb487cc26dd0d5f7d97098a6c","hash":"866b52adc48dc27bfcdc71bccead548b89a4911f","contentHash":"8dc120986ff183310d634ce70889e22d_11.4.1"},"/Users/ssding/GraceHopperProgram/SeniorPhase/GraceShopper/organics-for-your-little-sister/server/db/models/Product.js":{"path":"/Users/ssding/GraceHopperProgram/SeniorPhase/GraceShopper/organics-for-your-little-sister/server/db/models/Product.js","statementMap":{"0":{"start":{"line":3,"column":9},"end":{"line":3,"column":25}},"1":{"start":{"line":4,"column":16},"end":{"line":4,"column":36}},"2":{"start":{"line":5,"column":13},"end":{"line":5,"column":32}},"3":{"start":{"line":7,"column":13},"end":{"line":7,"column":111}},"4":{"start":{"line":9,"column":21},"end":{"line":11,"column":1}},"5":{"start":{"line":10,"column":2},"end":{"line":10,"column":59}},"6":{"start":{"line":13,"column":14},"end":{"line":48,"column":2}},"7":{"start":{"line":25,"column":6},"end":{"line":25,"column":43}},"8":{"start":{"line":45,"column":6},"end":{"line":45,"column":30}},"9":{"start":{"line":50,"column":0},"end":{"line":68,"column":2}},"10":{"start":{"line":51,"column":14},"end":{"line":51,"column":18}},"11":{"start":{"line":53,"column":2},"end":{"line":67,"column":5}},"12":{"start":{"line":58,"column":4},"end":{"line":66,"column":5}},"13":{"start":{"line":59,"column":23},"end":{"line":61,"column":8}},"14":{"start":{"line":60,"column":8},"end":{"line":60,"column":29}},"15":{"start":{"line":62,"column":6},"end":{"line":64,"column":29}},"16":{"start":{"line":63,"column":8},"end":{"line":63,"column":34}},"17":{"start":{"line":65,"column":6},"end":{"line":65,"column":29}},"18":{"start":{"line":70,"column":0},"end":{"line":70,"column":25}}},"fnMap":{"0":{"name":"getRandomImage","decl":{"start":{"line":9,"column":30},"end":{"line":9,"column":44}},"loc":{"start":{"line":9,"column":47},"end":{"line":11,"column":1}},"line":9},"1":{"name":"set","decl":{"start":{"line":24,"column":18},"end":{"line":24,"column":21}},"loc":{"start":{"line":24,"column":27},"end":{"line":26,"column":5}},"line":24},"2":{"name":"defaultValue","decl":{"start":{"line":44,"column":27},"end":{"line":44,"column":39}},"loc":{"start":{"line":44,"column":42},"end":{"line":46,"column":5}},"line":44},"3":{"name":"(anonymous_3)","decl":{"start":{"line":50,"column":31},"end":{"line":50,"column":32}},"loc":{"start":{"line":50,"column":43},"end":{"line":68,"column":1}},"line":50},"4":{"name":"(anonymous_4)","decl":{"start":{"line":57,"column":10},"end":{"line":57,"column":11}},"loc":{"start":{"line":57,"column":32},"end":{"line":67,"column":3}},"line":57},"5":{"name":"(anonymous_5)","decl":{"start":{"line":59,"column":38},"end":{"line":59,"column":39}},"loc":{"start":{"line":59,"column":56},"end":{"line":61,"column":7}},"line":59},"6":{"name":"(anonymous_6)","decl":{"start":{"line":62,"column":42},"end":{"line":62,"column":43}},"loc":{"start":{"line":62,"column":71},"end":{"line":64,"column":7}},"line":62}},"branchMap":{"0":{"loc":{"start":{"line":58,"column":4},"end":{"line":66,"column":5}},"type":"if","locations":[{"start":{"line":58,"column":4},"end":{"line":66,"column":5}},{"start":{"line":58,"column":4},"end":{"line":66,"column":5}}],"line":58}},"s":{"0":1,"1":1,"2":1,"3":1,"4":1,"5":4,"6":1,"7":5,"8":4,"9":1,"10":1,"11":1,"12":1,"13":1,"14":2,"15":1,"16":1,"17":1,"18":1},"f":{"0":4,"1":5,"2":4,"3":1,"4":1,"5":2,"6":1},"b":{"0":[1,0]},"_coverageSchema":"332fd63041d2c1bcb487cc26dd0d5f7d97098a6c","hash":"4f01af148960e8def31ad105608132e42f80761c","contentHash":"8066320d458d1c5ddbdd96cd7f54857e_11.4.1"},"/Users/ssding/GraceHopperProgram/SeniorPhase/GraceShopper/organics-for-your-little-sister/server/db/models/Review.js":{"path":"/Users/ssding/GraceHopperProgram/SeniorPhase/GraceShopper/organics-for-your-little-sister/server/db/models/Review.js","statementMap":{"0":{"start":{"line":3,"column":9},"end":{"line":3,"column":25}},"1":{"start":{"line":4,"column":16},"end":{"line":4,"column":36}},"2":{"start":{"line":6,"column":13},"end":{"line":24,"column":2}},"3":{"start":{"line":26,"column":0},"end":{"line":26,"column":24}}},"fnMap":{},"branchMap":{},"s":{"0":1,"1":1,"2":1,"3":1},"f":{},"b":{},"_coverageSchema":"332fd63041d2c1bcb487cc26dd0d5f7d97098a6c","hash":"51fd334e867315fc0049479d525c3cd2d2ee98dd","contentHash":"38289cf67a4ddf684e403343062f0d84_11.4.1"},"/Users/ssding/GraceHopperProgram/SeniorPhase/GraceShopper/organics-for-your-little-sister/server/db/models/LineItem.js":{"path":"/Users/ssding/GraceHopperProgram/SeniorPhase/GraceShopper/organics-for-your-little-sister/server/db/models/LineItem.js","statementMap":{"0":{"start":{"line":3,"column":9},"end":{"line":3,"column":25}},"1":{"start":{"line":4,"column":16},"end":{"line":4,"column":36}},"2":{"start":{"line":5,"column":14},"end":{"line":5,"column":34}},"3":{"start":{"line":7,"column":15},"end":{"line":16,"column":2}},"4":{"start":{"line":18,"column":0},"end":{"line":22,"column":3}},"5":{"start":{"line":19,"column":2},"end":{"line":21,"column":5}},"6":{"start":{"line":20,"column":4},"end":{"line":20,"column":58}},"7":{"start":{"line":24,"column":0},"end":{"line":24,"column":26}}},"fnMap":{"0":{"name":"(anonymous_0)","decl":{"start":{"line":18,"column":32},"end":{"line":18,"column":33}},"loc":{"start":{"line":18,"column":52},"end":{"line":22,"column":1}},"line":18},"1":{"name":"(anonymous_1)","decl":{"start":{"line":19,"column":69},"end":{"line":19,"column":70}},"loc":{"start":{"line":19,"column":91},"end":{"line":21,"column":3}},"line":19}},"branchMap":{},"s":{"0":1,"1":1,"2":1,"3":1,"4":1,"5":1,"6":1,"7":1},"f":{"0":1,"1":1},"b":{},"_coverageSchema":"332fd63041d2c1bcb487cc26dd0d5f7d97098a6c","hash":"a01586da61e1f7c25d2f3f3648776dd4180cc924","contentHash":"7e12670a5af66dbb6a761949f00a34ad_11.4.1"},"/Users/ssding/GraceHopperProgram/SeniorPhase/GraceShopper/organics-for-your-little-sister/server/db/models/Address.js":{"path":"/Users/ssding/GraceHopperProgram/SeniorPhase/GraceShopper/organics-for-your-little-sister/server/db/models/Address.js","statementMap":{"0":{"start":{"line":3,"column":16},"end":{"line":3,"column":36}},"1":{"start":{"line":4,"column":9},"end":{"line":4,"column":25}},"2":{"start":{"line":6,"column":14},"end":{"line":35,"column":2}},"3":{"start":{"line":37,"column":0},"end":{"line":37,"column":25}}},"fnMap":{},"branchMap":{},"s":{"0":1,"1":1,"2":1,"3":1},"f":{},"b":{},"_coverageSchema":"332fd63041d2c1bcb487cc26dd0d5f7d97098a6c","hash":"9fece39f431a99c0b9f9f48146e868bcde890f46","contentHash":"d82525a2130f5593af9923344e01136b_11.4.1"},"/Users/ssding/GraceHopperProgram/SeniorPhase/GraceShopper/organics-for-your-little-sister/server/db/models/order.js":{"path":"/Users/ssding/GraceHopperProgram/SeniorPhase/GraceShopper/organics-for-your-little-sister/server/db/models/order.js","statementMap":{"0":{"start":{"line":3,"column":16},"end":{"line":3,"column":36}},"1":{"start":{"line":4,"column":9},"end":{"line":4,"column":25}},"2":{"start":{"line":5,"column":15},"end":{"line":5,"column":36}},"3":{"start":{"line":7,"column":12},"end":{"line":27,"column":2}},"4":{"start":{"line":28,"column":0},"end":{"line":41,"column":3}},"5":{"start":{"line":29,"column":4},"end":{"line":40,"column":7}},"6":{"start":{"line":34,"column":8},"end":{"line":36,"column":14}},"7":{"start":{"line":35,"column":12},"end":{"line":35,"column":41}},"8":{"start":{"line":37,"column":8},"end":{"line":39,"column":14}},"9":{"start":{"line":38,"column":12},"end":{"line":38,"column":44}},"10":{"start":{"line":43,"column":0},"end":{"line":43,"column":23}}},"fnMap":{"0":{"name":"(anonymous_0)","decl":{"start":{"line":28,"column":29},"end":{"line":28,"column":30}},"loc":{"start":{"line":28,"column":46},"end":{"line":41,"column":1}},"line":28},"1":{"name":"(anonymous_1)","decl":{"start":{"line":33,"column":12},"end":{"line":33,"column":13}},"loc":{"start":{"line":33,"column":33},"end":{"line":40,"column":5}},"line":33},"2":{"name":"(anonymous_2)","decl":{"start":{"line":34,"column":49},"end":{"line":34,"column":50}},"loc":{"start":{"line":34,"column":75},"end":{"line":36,"column":9}},"line":34},"3":{"name":"(anonymous_3)","decl":{"start":{"line":37,"column":52},"end":{"line":37,"column":53}},"loc":{"start":{"line":37,"column":78},"end":{"line":39,"column":9}},"line":37}},"branchMap":{},"s":{"0":1,"1":1,"2":1,"3":1,"4":1,"5":0,"6":0,"7":0,"8":0,"9":0,"10":1},"f":{"0":0,"1":0,"2":0,"3":0},"b":{},"_coverageSchema":"332fd63041d2c1bcb487cc26dd0d5f7d97098a6c","hash":"ce2830b7a847a5add3ee3230f3a176e984fcb36f","contentHash":"a2a1ce272da4111b5c4a9b6cf4931f5b_11.4.1"},"/Users/ssding/GraceHopperProgram/SeniorPhase/GraceShopper/organics-for-your-little-sister/server/index.js":{"path":"/Users/ssding/GraceHopperProgram/SeniorPhase/GraceShopper/organics-for-your-little-sister/server/index.js","statementMap":{"0":{"start":{"line":3,"column":11},"end":{"line":3,"column":26}},"1":{"start":{"line":4,"column":14},"end":{"line":4,"column":32}},"2":{"start":{"line":5,"column":13},"end":{"line":5,"column":30}},"3":{"start":{"line":6,"column":17},"end":{"line":6,"column":39}},"4":{"start":{"line":7,"column":18},"end":{"line":7,"column":40}},"5":{"start":{"line":8,"column":14},"end":{"line":8,"column":40}},"6":{"start":{"line":9,"column":15},"end":{"line":9,"column":34}},"7":{"start":{"line":10,"column":21},"end":{"line":10,"column":72}},"8":{"start":{"line":11,"column":9},"end":{"line":11,"column":24}},"9":{"start":{"line":12,"column":19},"end":{"line":12,"column":49}},"10":{"start":{"line":13,"column":11},"end":{"line":13,"column":35}},"11":{"start":{"line":14,"column":10},"end":{"line":14,"column":19}},"12":{"start":{"line":15,"column":15},"end":{"line":15,"column":35}},"13":{"start":{"line":16,"column":0},"end":{"line":16,"column":21}},"14":{"start":{"line":26,"column":0},"end":{"line":26,"column":65}},"15":{"start":{"line":26,"column":43},"end":{"line":26,"column":65}},"16":{"start":{"line":29,"column":0},"end":{"line":31,"column":3}},"17":{"start":{"line":30,"column":2},"end":{"line":30,"column":29}},"18":{"start":{"line":32,"column":0},"end":{"line":36,"column":3}},"19":{"start":{"line":33,"column":2},"end":{"line":35,"column":17}},"20":{"start":{"line":34,"column":4},"end":{"line":34,"column":28}},"21":{"start":{"line":38,"column":16},"end":{"line":88,"column":1}},"22":{"start":{"line":40,"column":2},"end":{"line":40,"column":25}},"23":{"start":{"line":43,"column":2},"end":{"line":43,"column":29}},"24":{"start":{"line":44,"column":2},"end":{"line":44,"column":53}},"25":{"start":{"line":47,"column":2},"end":{"line":47,"column":25}},"26":{"start":{"line":50,"column":2},"end":{"line":55,"column":6}},"27":{"start":{"line":56,"column":2},"end":{"line":56,"column":33}},"28":{"start":{"line":57,"column":2},"end":{"line":57,"column":30}},"29":{"start":{"line":60,"column":2},"end":{"line":60,"column":38}},"30":{"start":{"line":61,"column":2},"end":{"line":61,"column":36}},"31":{"start":{"line":64,"column":2},"end":{"line":64,"column":64}},"32":{"start":{"line":67,"column":2},"end":{"line":75,"column":5}},"33":{"start":{"line":68,"column":4},"end":{"line":74,"column":5}},"34":{"start":{"line":69,"column":16},"end":{"line":69,"column":38}},"35":{"start":{"line":70,"column":6},"end":{"line":70,"column":23}},"36":{"start":{"line":71,"column":6},"end":{"line":71,"column":16}},"37":{"start":{"line":73,"column":6},"end":{"line":73,"column":13}},"38":{"start":{"line":78,"column":2},"end":{"line":80,"column":5}},"39":{"start":{"line":79,"column":4},"end":{"line":79,"column":66}},"40":{"start":{"line":83,"column":2},"end":{"line":87,"column":5}},"41":{"start":{"line":84,"column":4},"end":{"line":84,"column":23}},"42":{"start":{"line":85,"column":4},"end":{"line":85,"column":29}},"43":{"start":{"line":86,"column":4},"end":{"line":86,"column":80}},"44":{"start":{"line":90,"column":21},"end":{"line":99,"column":1}},"45":{"start":{"line":92,"column":15},"end":{"line":94,"column":4}},"46":{"start":{"line":93,"column":4},"end":{"line":93,"column":55}},"47":{"start":{"line":97,"column":11},"end":{"line":97,"column":27}},"48":{"start":{"line":98,"column":2},"end":{"line":98,"column":26}},"49":{"start":{"line":101,"column":13},"end":{"line":103,"column":1}},"50":{"start":{"line":102,"column":2},"end":{"line":102,"column":19}},"51":{"start":{"line":109,"column":0},"end":{"line":113,"column":1}},"52":{"start":{"line":110,"column":2},"end":{"line":110,"column":72}},"53":{"start":{"line":112,"column":2},"end":{"line":112,"column":14}}},"fnMap":{"0":{"name":"(anonymous_0)","decl":{"start":{"line":29,"column":23},"end":{"line":29,"column":24}},"loc":{"start":{"line":29,"column":45},"end":{"line":31,"column":1}},"line":29},"1":{"name":"(anonymous_1)","decl":{"start":{"line":32,"column":25},"end":{"line":32,"column":26}},"loc":{"start":{"line":32,"column":45},"end":{"line":36,"column":1}},"line":32},"2":{"name":"(anonymous_2)","decl":{"start":{"line":33,"column":42},"end":{"line":33,"column":43}},"loc":{"start":{"line":33,"column":58},"end":{"line":35,"column":3}},"line":33},"3":{"name":"createApp","decl":{"start":{"line":38,"column":25},"end":{"line":38,"column":34}},"loc":{"start":{"line":38,"column":37},"end":{"line":88,"column":1}},"line":38},"4":{"name":"(anonymous_4)","decl":{"start":{"line":67,"column":10},"end":{"line":67,"column":11}},"loc":{"start":{"line":67,"column":36},"end":{"line":75,"column":3}},"line":67},"5":{"name":"(anonymous_5)","decl":{"start":{"line":78,"column":15},"end":{"line":78,"column":16}},"loc":{"start":{"line":78,"column":35},"end":{"line":80,"column":3}},"line":78},"6":{"name":"(anonymous_6)","decl":{"start":{"line":83,"column":10},"end":{"line":83,"column":11}},"loc":{"start":{"line":83,"column":41},"end":{"line":87,"column":3}},"line":83},"7":{"name":"startListening","decl":{"start":{"line":90,"column":30},"end":{"line":90,"column":44}},"loc":{"start":{"line":90,"column":47},"end":{"line":99,"column":1}},"line":90},"8":{"name":"(anonymous_8)","decl":{"start":{"line":92,"column":32},"end":{"line":92,"column":33}},"loc":{"start":{"line":92,"column":44},"end":{"line":94,"column":3}},"line":92},"9":{"name":"syncDb","decl":{"start":{"line":101,"column":22},"end":{"line":101,"column":28}},"loc":{"start":{"line":101,"column":31},"end":{"line":103,"column":1}},"line":101}},"branchMap":{"0":{"loc":{"start":{"line":13,"column":11},"end":{"line":13,"column":35}},"type":"binary-expr","locations":[{"start":{"line":13,"column":11},"end":{"line":13,"column":27}},{"start":{"line":13,"column":31},"end":{"line":13,"column":35}}],"line":13},"1":{"loc":{"start":{"line":26,"column":0},"end":{"line":26,"column":65}},"type":"if","locations":[{"start":{"line":26,"column":0},"end":{"line":26,"column":65}},{"start":{"line":26,"column":0},"end":{"line":26,"column":65}}],"line":26},"2":{"loc":{"start":{"line":51,"column":12},"end":{"line":51,"column":66}},"type":"binary-expr","locations":[{"start":{"line":51,"column":12},"end":{"line":51,"column":38}},{"start":{"line":51,"column":42},"end":{"line":51,"column":66}}],"line":51},"3":{"loc":{"start":{"line":68,"column":4},"end":{"line":74,"column":5}},"type":"if","locations":[{"start":{"line":68,"column":4},"end":{"line":74,"column":5}},{"start":{"line":68,"column":4},"end":{"line":74,"column":5}}],"line":68},"4":{"loc":{"start":{"line":86,"column":15},"end":{"line":86,"column":32}},"type":"binary-expr","locations":[{"start":{"line":86,"column":15},"end":{"line":86,"column":25}},{"start":{"line":86,"column":29},"end":{"line":86,"column":32}}],"line":86},"5":{"loc":{"start":{"line":86,"column":39},"end":{"line":86,"column":78}},"type":"binary-expr","locations":[{"start":{"line":86,"column":39},"end":{"line":86,"column":50}},{"start":{"line":86,"column":54},"end":{"line":86,"column":78}}],"line":86},"6":{"loc":{"start":{"line":109,"column":0},"end":{"line":113,"column":1}},"type":"if","locations":[{"start":{"line":109,"column":0},"end":{"line":113,"column":1}},{"start":{"line":109,"column":0},"end":{"line":113,"column":1}}],"line":109}},"s":{"0":1,"1":1,"2":1,"3":1,"4":1,"5":1,"6":1,"7":1,"8":1,"9":1,"10":1,"11":1,"12":1,"13":1,"14":1,"15":1,"16":1,"17":0,"18":1,"19":0,"20":0,"21":1,"22":1,"23":1,"24":1,"25":1,"26":1,"27":1,"28":1,"29":1,"30":1,"31":1,"32":1,"33":0,"34":0,"35":0,"36":0,"37":0,"38":1,"39":0,"40":1,"41":0,"42":0,"43":0,"44":1,"45":0,"46":0,"47":0,"48":0,"49":1,"50":0,"51":1,"52":0,"53":1},"f":{"0":0,"1":0,"2":0,"3":1,"4":0,"5":0,"6":0,"7":0,"8":0,"9":0},"b":{"0":[1,1],"1":[1,0],"2":[1,1],"3":[0,0],"4":[0,0],"5":[0,0],"6":[0,1]},"_coverageSchema":"332fd63041d2c1bcb487cc26dd0d5f7d97098a6c","hash":"836873de3192b0489bbe57943b78411aa843df01","contentHash":"60bdce2aa428347a508bf149423160c9_11.4.1"},"/Users/ssding/GraceHopperProgram/SeniorPhase/GraceShopper/organics-for-your-little-sister/secrets.js":{"path":"/Users/ssding/GraceHopperProgram/SeniorPhase/GraceShopper/organics-for-your-little-sister/secrets.js","statementMap":{},"fnMap":{},"branchMap":{},"s":{},"f":{},"b":{},"_coverageSchema":"332fd63041d2c1bcb487cc26dd0d5f7d97098a6c","hash":"3c8b14ce6638ba2db779b5a41a0ee06c2d7ba20e","contentHash":"2fee9e795d1817e111ddf6a240b5552a_11.4.1"},"/Users/ssding/GraceHopperProgram/SeniorPhase/GraceShopper/organics-for-your-little-sister/server/auth/index.js":{"path":"/Users/ssding/GraceHopperProgram/SeniorPhase/GraceShopper/organics-for-your-little-sister/server/auth/index.js","statementMap":{"0":{"start":{"line":3,"column":13},"end":{"line":3,"column":40}},"1":{"start":{"line":4,"column":11},"end":{"line":4,"column":39}},"2":{"start":{"line":5,"column":0},"end":{"line":5,"column":24}},"3":{"start":{"line":7,"column":0},"end":{"line":19,"column":3}},"4":{"start":{"line":8,"column":2},"end":{"line":18,"column":17}},"5":{"start":{"line":9,"column":4},"end":{"line":17,"column":5}},"6":{"start":{"line":10,"column":6},"end":{"line":10,"column":45}},"7":{"start":{"line":11,"column":11},"end":{"line":17,"column":5}},"8":{"start":{"line":12,"column":6},"end":{"line":12,"column":49}},"9":{"start":{"line":14,"column":6},"end":{"line":16,"column":9}},"10":{"start":{"line":15,"column":8},"end":{"line":15,"column":48}},"11":{"start":{"line":21,"column":0},"end":{"line":33,"column":3}},"12":{"start":{"line":22,"column":2},"end":{"line":32,"column":5}},"13":{"start":{"line":23,"column":4},"end":{"line":25,"column":7}},"14":{"start":{"line":24,"column":6},"end":{"line":24,"column":46}},"15":{"start":{"line":27,"column":4},"end":{"line":31,"column":5}},"16":{"start":{"line":28,"column":6},"end":{"line":28,"column":50}},"17":{"start":{"line":30,"column":6},"end":{"line":30,"column":16}},"18":{"start":{"line":35,"column":0},"end":{"line":39,"column":3}},"19":{"start":{"line":36,"column":2},"end":{"line":36,"column":15}},"20":{"start":{"line":37,"column":2},"end":{"line":37,"column":24}},"21":{"start":{"line":38,"column":2},"end":{"line":38,"column":20}},"22":{"start":{"line":41,"column":0},"end":{"line":43,"column":3}},"23":{"start":{"line":42,"column":2},"end":{"line":42,"column":21}},"24":{"start":{"line":45,"column":0},"end":{"line":45,"column":43}}},"fnMap":{"0":{"name":"(anonymous_0)","decl":{"start":{"line":7,"column":22},"end":{"line":7,"column":23}},"loc":{"start":{"line":7,"column":48},"end":{"line":19,"column":1}},"line":7},"1":{"name":"(anonymous_1)","decl":{"start":{"line":8,"column":58},"end":{"line":8,"column":59}},"loc":{"start":{"line":8,"column":74},"end":{"line":18,"column":3}},"line":8},"2":{"name":"(anonymous_2)","decl":{"start":{"line":14,"column":22},"end":{"line":14,"column":23}},"loc":{"start":{"line":14,"column":37},"end":{"line":16,"column":7}},"line":14},"3":{"name":"(anonymous_3)","decl":{"start":{"line":21,"column":23},"end":{"line":21,"column":24}},"loc":{"start":{"line":21,"column":49},"end":{"line":33,"column":1}},"line":21},"4":{"name":"(anonymous_4)","decl":{"start":{"line":22,"column":29},"end":{"line":22,"column":30}},"loc":{"start":{"line":22,"column":45},"end":{"line":26,"column":3}},"line":22},"5":{"name":"(anonymous_5)","decl":{"start":{"line":23,"column":20},"end":{"line":23,"column":21}},"loc":{"start":{"line":23,"column":35},"end":{"line":25,"column":5}},"line":23},"6":{"name":"(anonymous_6)","decl":{"start":{"line":26,"column":11},"end":{"line":26,"column":12}},"loc":{"start":{"line":26,"column":26},"end":{"line":32,"column":3}},"line":26},"7":{"name":"(anonymous_7)","decl":{"start":{"line":35,"column":23},"end":{"line":35,"column":24}},"loc":{"start":{"line":35,"column":43},"end":{"line":39,"column":1}},"line":35},"8":{"name":"(anonymous_8)","decl":{"start":{"line":41,"column":18},"end":{"line":41,"column":19}},"loc":{"start":{"line":41,"column":38},"end":{"line":43,"column":1}},"line":41}},"branchMap":{"0":{"loc":{"start":{"line":9,"column":4},"end":{"line":17,"column":5}},"type":"if","locations":[{"start":{"line":9,"column":4},"end":{"line":17,"column":5}},{"start":{"line":9,"column":4},"end":{"line":17,"column":5}}],"line":9},"1":{"loc":{"start":{"line":11,"column":11},"end":{"line":17,"column":5}},"type":"if","locations":[{"start":{"line":11,"column":11},"end":{"line":17,"column":5}},{"start":{"line":11,"column":11},"end":{"line":17,"column":5}}],"line":11},"2":{"loc":{"start":{"line":15,"column":15},"end":{"line":15,"column":47}},"type":"cond-expr","locations":[{"start":{"line":15,"column":21},"end":{"line":15,"column":30}},{"start":{"line":15,"column":33},"end":{"line":15,"column":47}}],"line":15},"3":{"loc":{"start":{"line":24,"column":13},"end":{"line":24,"column":45}},"type":"cond-expr","locations":[{"start":{"line":24,"column":19},"end":{"line":24,"column":28}},{"start":{"line":24,"column":31},"end":{"line":24,"column":45}}],"line":24},"4":{"loc":{"start":{"line":27,"column":4},"end":{"line":31,"column":5}},"type":"if","locations":[{"start":{"line":27,"column":4},"end":{"line":31,"column":5}},{"start":{"line":27,"column":4},"end":{"line":31,"column":5}}],"line":27}},"s":{"0":1,"1":1,"2":1,"3":1,"4":0,"5":0,"6":0,"7":0,"8":0,"9":0,"10":0,"11":1,"12":0,"13":0,"14":0,"15":0,"16":0,"17":0,"18":1,"19":0,"20":0,"21":0,"22":1,"23":0,"24":1},"f":{"0":0,"1":0,"2":0,"3":0,"4":0,"5":0,"6":0,"7":0,"8":0},"b":{"0":[0,0],"1":[0,0],"2":[0,0],"3":[0,0],"4":[0,0]},"_coverageSchema":"332fd63041d2c1bcb487cc26dd0d5f7d97098a6c","hash":"45e6aac8bce17dbe161af66efe93647fbfcd6347","contentHash":"5e3be50ccb59547642de2b32e841cf89_11.4.1"},"/Users/ssding/GraceHopperProgram/SeniorPhase/GraceShopper/organics-for-your-little-sister/server/auth/google.js":{"path":"/Users/ssding/GraceHopperProgram/SeniorPhase/GraceShopper/organics-for-your-little-sister/server/auth/google.js","statementMap":{"0":{"start":{"line":3,"column":15},"end":{"line":3,"column":34}},"1":{"start":{"line":4,"column":13},"end":{"line":4,"column":40}},"2":{"start":{"line":5,"column":21},"end":{"line":5,"column":68}},"3":{"start":{"line":7,"column":15},"end":{"line":7,"column":38}},"4":{"start":{"line":8,"column":11},"end":{"line":8,"column":24}},"5":{"start":{"line":10,"column":0},"end":{"line":10,"column":24}},"6":{"start":{"line":26,"column":0},"end":{"line":57,"column":1}},"7":{"start":{"line":28,"column":2},"end":{"line":28,"column":77}},"8":{"start":{"line":31,"column":21},"end":{"line":35,"column":3}},"9":{"start":{"line":37,"column":17},"end":{"line":47,"column":4}},"10":{"start":{"line":38,"column":19},"end":{"line":38,"column":29}},"11":{"start":{"line":39,"column":15},"end":{"line":39,"column":34}},"12":{"start":{"line":40,"column":16},"end":{"line":40,"column":39}},"13":{"start":{"line":42,"column":4},"end":{"line":46,"column":19}},"14":{"start":{"line":43,"column":6},"end":{"line":45,"column":9}},"15":{"start":{"line":44,"column":8},"end":{"line":44,"column":39}},"16":{"start":{"line":49,"column":2},"end":{"line":49,"column":25}},"17":{"start":{"line":51,"column":2},"end":{"line":51,"column":71}},"18":{"start":{"line":53,"column":2},"end":{"line":56,"column":6}}},"fnMap":{"0":{"name":"(anonymous_0)","decl":{"start":{"line":37,"column":50},"end":{"line":37,"column":51}},"loc":{"start":{"line":37,"column":96},"end":{"line":47,"column":3}},"line":37},"1":{"name":"(anonymous_1)","decl":{"start":{"line":42,"column":54},"end":{"line":42,"column":55}},"loc":{"start":{"line":42,"column":75},"end":{"line":46,"column":5}},"line":42},"2":{"name":"(anonymous_2)","decl":{"start":{"line":43,"column":116},"end":{"line":43,"column":117}},"loc":{"start":{"line":43,"column":139},"end":{"line":45,"column":7}},"line":43}},"branchMap":{"0":{"loc":{"start":{"line":26,"column":0},"end":{"line":57,"column":1}},"type":"if","locations":[{"start":{"line":26,"column":0},"end":{"line":57,"column":1}},{"start":{"line":26,"column":0},"end":{"line":57,"column":1}}],"line":26},"1":{"loc":{"start":{"line":26,"column":4},"end":{"line":26,"column":70}},"type":"binary-expr","locations":[{"start":{"line":26,"column":4},"end":{"line":26,"column":33}},{"start":{"line":26,"column":37},"end":{"line":26,"column":70}}],"line":26},"2":{"loc":{"start":{"line":43,"column":13},"end":{"line":45,"column":8}},"type":"cond-expr","locations":[{"start":{"line":43,"column":25},"end":{"line":43,"column":46}},{"start":{"line":43,"column":49},"end":{"line":45,"column":8}}],"line":43}},"s":{"0":1,"1":1,"2":1,"3":1,"4":1,"5":1,"6":1,"7":1,"8":0,"9":0,"10":0,"11":0,"12":0,"13":0,"14":0,"15":0,"16":0,"17":0,"18":0},"f":{"0":0,"1":0,"2":0},"b":{"0":[1,0],"1":[1,0],"2":[0,0]},"_coverageSchema":"332fd63041d2c1bcb487cc26dd0d5f7d97098a6c","hash":"e33f4cd6a00a8109a8c04de78003d97cd1d11dda","contentHash":"8917a34adc259597699779c9e3ffac36_11.4.1"},"/Users/ssding/GraceHopperProgram/SeniorPhase/GraceShopper/organics-for-your-little-sister/server/api/index.js":{"path":"/Users/ssding/GraceHopperProgram/SeniorPhase/GraceShopper/organics-for-your-little-sister/server/api/index.js","statementMap":{"0":{"start":{"line":3,"column":13},"end":{"line":3,"column":40}},"1":{"start":{"line":4,"column":0},"end":{"line":4,"column":24}},"2":{"start":{"line":6,"column":0},"end":{"line":6,"column":41}},"3":{"start":{"line":7,"column":0},"end":{"line":7,"column":47}},"4":{"start":{"line":8,"column":0},"end":{"line":8,"column":45}},"5":{"start":{"line":9,"column":0},"end":{"line":9,"column":43}},"6":{"start":{"line":10,"column":0},"end":{"line":10,"column":49}},"7":{"start":{"line":12,"column":0},"end":{"line":16,"column":3}},"8":{"start":{"line":13,"column":14},"end":{"line":13,"column":36}},"9":{"start":{"line":14,"column":2},"end":{"line":14,"column":21}},"10":{"start":{"line":15,"column":2},"end":{"line":15,"column":14}}},"fnMap":{"0":{"name":"(anonymous_0)","decl":{"start":{"line":12,"column":11},"end":{"line":12,"column":12}},"loc":{"start":{"line":12,"column":37},"end":{"line":16,"column":1}},"line":12}},"branchMap":{},"s":{"0":1,"1":1,"2":1,"3":1,"4":1,"5":1,"6":1,"7":1,"8":0,"9":0,"10":0},"f":{"0":0},"b":{},"_coverageSchema":"332fd63041d2c1bcb487cc26dd0d5f7d97098a6c","hash":"cd11675d3900ef23239a844a71f20f99d7e3ecd5","contentHash":"fe94eb9423b02db3e80e23dc59bd7d43_11.4.1"},"/Users/ssding/GraceHopperProgram/SeniorPhase/GraceShopper/organics-for-your-little-sister/server/api/users.js":{"path":"/Users/ssding/GraceHopperProgram/SeniorPhase/GraceShopper/organics-for-your-little-sister/server/api/users.js","statementMap":{"0":{"start":{"line":3,"column":21},"end":{"line":3,"column":663}},"1":{"start":{"line":3,"column":79},"end":{"line":3,"column":81}},"2":{"start":{"line":3,"column":92},"end":{"line":3,"column":96}},"3":{"start":{"line":3,"column":107},"end":{"line":3,"column":112}},"4":{"start":{"line":3,"column":123},"end":{"line":3,"column":132}},"5":{"start":{"line":3,"column":134},"end":{"line":3,"column":413}},"6":{"start":{"line":3,"column":140},"end":{"line":3,"column":283}},"7":{"start":{"line":3,"column":226},"end":{"line":3,"column":246}},"8":{"start":{"line":3,"column":247},"end":{"line":3,"column":281}},"9":{"start":{"line":3,"column":275},"end":{"line":3,"column":281}},"10":{"start":{"line":3,"column":300},"end":{"line":3,"column":310}},"11":{"start":{"line":3,"column":311},"end":{"line":3,"column":320}},"12":{"start":{"line":3,"column":333},"end":{"line":3,"column":411}},"13":{"start":{"line":3,"column":339},"end":{"line":3,"column":379}},"14":{"start":{"line":3,"column":364},"end":{"line":3,"column":379}},"15":{"start":{"line":3,"column":392},"end":{"line":3,"column":409}},"16":{"start":{"line":3,"column":400},"end":{"line":3,"column":409}},"17":{"start":{"line":3,"column":414},"end":{"line":3,"column":426}},"18":{"start":{"line":3,"column":429},"end":{"line":3,"column":659}},"19":{"start":{"line":3,"column":456},"end":{"line":3,"column":656}},"20":{"start":{"line":3,"column":482},"end":{"line":3,"column":493}},"21":{"start":{"line":3,"column":501},"end":{"line":3,"column":656}},"22":{"start":{"line":3,"column":539},"end":{"line":3,"column":568}},"23":{"start":{"line":3,"column":578},"end":{"line":3,"column":654}},"24":{"start":{"line":5,"column":13},"end":{"line":5,"column":40}},"25":{"start":{"line":7,"column":15},"end":{"line":7,"column":38}},"26":{"start":{"line":8,"column":11},"end":{"line":8,"column":24}},"27":{"start":{"line":9,"column":13},"end":{"line":9,"column":28}},"28":{"start":{"line":10,"column":14},"end":{"line":10,"column":30}},"29":{"start":{"line":11,"column":12},"end":{"line":11,"column":26}},"30":{"start":{"line":12,"column":15},"end":{"line":12,"column":32}},"31":{"start":{"line":13,"column":14},"end":{"line":13,"column":30}},"32":{"start":{"line":15,"column":16},"end":{"line":15,"column":42}},"33":{"start":{"line":16,"column":17},"end":{"line":16,"column":37}},"34":{"start":{"line":17,"column":16},"end":{"line":17,"column":35}},"35":{"start":{"line":18,"column":14},"end":{"line":18,"column":31}},"36":{"start":{"line":20,"column":0},"end":{"line":20,"column":24}},"37":{"start":{"line":23,"column":0},"end":{"line":27,"column":3}},"38":{"start":{"line":24,"column":1},"end":{"line":26,"column":16}},"39":{"start":{"line":25,"column":2},"end":{"line":25,"column":37}},"40":{"start":{"line":30,"column":0},"end":{"line":38,"column":3}},"41":{"start":{"line":31,"column":1},"end":{"line":37,"column":2}},"42":{"start":{"line":32,"column":2},"end":{"line":34,"column":17}},"43":{"start":{"line":33,"column":3},"end":{"line":33,"column":37}},"44":{"start":{"line":36,"column":2},"end":{"line":36,"column":74}},"45":{"start":{"line":41,"column":0},"end":{"line":49,"column":3}},"46":{"start":{"line":42,"column":1},"end":{"line":48,"column":2}},"47":{"start":{"line":43,"column":2},"end":{"line":45,"column":17}},"48":{"start":{"line":44,"column":3},"end":{"line":44,"column":31}},"49":{"start":{"line":47,"column":2},"end":{"line":47,"column":71}},"50":{"start":{"line":52,"column":0},"end":{"line":60,"column":3}},"51":{"start":{"line":53,"column":1},"end":{"line":59,"column":2}},"52":{"start":{"line":54,"column":2},"end":{"line":56,"column":17}},"53":{"start":{"line":55,"column":3},"end":{"line":55,"column":29}},"54":{"start":{"line":58,"column":2},"end":{"line":58,"column":71}},"55":{"start":{"line":63,"column":0},"end":{"line":67,"column":3}},"56":{"start":{"line":64,"column":1},"end":{"line":66,"column":16}},"57":{"start":{"line":65,"column":2},"end":{"line":65,"column":31}},"58":{"start":{"line":70,"column":0},"end":{"line":74,"column":3}},"59":{"start":{"line":71,"column":1},"end":{"line":73,"column":16}},"60":{"start":{"line":72,"column":2},"end":{"line":72,"column":27}},"61":{"start":{"line":76,"column":0},"end":{"line":84,"column":3}},"62":{"start":{"line":77,"column":1},"end":{"line":83,"column":16}},"63":{"start":{"line":82,"column":2},"end":{"line":82,"column":36}},"64":{"start":{"line":86,"column":0},"end":{"line":118,"column":3}},"65":{"start":{"line":87,"column":1},"end":{"line":117,"column":2}},"66":{"start":{"line":88,"column":2},"end":{"line":97,"column":17}},"67":{"start":{"line":92,"column":15},"end":{"line":92,"column":38}},"68":{"start":{"line":93,"column":11},"end":{"line":93,"column":19}},"69":{"start":{"line":94,"column":17},"end":{"line":94,"column":25}},"70":{"start":{"line":96,"column":3},"end":{"line":96,"column":43}},"71":{"start":{"line":99,"column":2},"end":{"line":116,"column":3}},"72":{"start":{"line":100,"column":3},"end":{"line":113,"column":18}},"73":{"start":{"line":108,"column":16},"end":{"line":108,"column":40}},"74":{"start":{"line":109,"column":12},"end":{"line":109,"column":20}},"75":{"start":{"line":110,"column":18},"end":{"line":110,"column":26}},"76":{"start":{"line":112,"column":4},"end":{"line":112,"column":44}},"77":{"start":{"line":115,"column":3},"end":{"line":115,"column":75}},"78":{"start":{"line":120,"column":0},"end":{"line":124,"column":3}},"79":{"start":{"line":121,"column":1},"end":{"line":123,"column":16}},"80":{"start":{"line":122,"column":2},"end":{"line":122,"column":29}}},"fnMap":{"0":{"name":"(anonymous_0)","decl":{"start":{"line":3,"column":21},"end":{"line":3,"column":22}},"loc":{"start":{"line":3,"column":33},"end":{"line":3,"column":661}},"line":3},"1":{"name":"sliceIterator","decl":{"start":{"line":3,"column":44},"end":{"line":3,"column":57}},"loc":{"start":{"line":3,"column":66},"end":{"line":3,"column":428}},"line":3},"2":{"name":"(anonymous_2)","decl":{"start":{"line":3,"column":436},"end":{"line":3,"column":437}},"loc":{"start":{"line":3,"column":454},"end":{"line":3,"column":658}},"line":3},"3":{"name":"(anonymous_3)","decl":{"start":{"line":23,"column":37},"end":{"line":23,"column":38}},"loc":{"start":{"line":23,"column":63},"end":{"line":27,"column":1}},"line":23},"4":{"name":"(anonymous_4)","decl":{"start":{"line":24,"column":54},"end":{"line":24,"column":55}},"loc":{"start":{"line":24,"column":71},"end":{"line":26,"column":2}},"line":24},"5":{"name":"(anonymous_5)","decl":{"start":{"line":30,"column":31},"end":{"line":30,"column":32}},"loc":{"start":{"line":30,"column":57},"end":{"line":38,"column":1}},"line":30},"6":{"name":"(anonymous_6)","decl":{"start":{"line":32,"column":90},"end":{"line":32,"column":91}},"loc":{"start":{"line":32,"column":106},"end":{"line":34,"column":3}},"line":32},"7":{"name":"(anonymous_7)","decl":{"start":{"line":41,"column":43},"end":{"line":41,"column":44}},"loc":{"start":{"line":41,"column":69},"end":{"line":49,"column":1}},"line":41},"8":{"name":"(anonymous_8)","decl":{"start":{"line":43,"column":112},"end":{"line":43,"column":113}},"loc":{"start":{"line":43,"column":134},"end":{"line":45,"column":3}},"line":43},"9":{"name":"(anonymous_9)","decl":{"start":{"line":52,"column":51},"end":{"line":52,"column":52}},"loc":{"start":{"line":52,"column":77},"end":{"line":60,"column":1}},"line":52},"10":{"name":"(anonymous_10)","decl":{"start":{"line":54,"column":95},"end":{"line":54,"column":96}},"loc":{"start":{"line":54,"column":115},"end":{"line":56,"column":3}},"line":54},"11":{"name":"(anonymous_11)","decl":{"start":{"line":63,"column":31},"end":{"line":63,"column":32}},"loc":{"start":{"line":63,"column":57},"end":{"line":67,"column":1}},"line":63},"12":{"name":"(anonymous_12)","decl":{"start":{"line":64,"column":111},"end":{"line":64,"column":112}},"loc":{"start":{"line":64,"column":134},"end":{"line":66,"column":2}},"line":64},"13":{"name":"(anonymous_13)","decl":{"start":{"line":70,"column":41},"end":{"line":70,"column":42}},"loc":{"start":{"line":70,"column":67},"end":{"line":74,"column":1}},"line":70},"14":{"name":"(anonymous_14)","decl":{"start":{"line":71,"column":95},"end":{"line":71,"column":96}},"loc":{"start":{"line":71,"column":114},"end":{"line":73,"column":2}},"line":71},"15":{"name":"(anonymous_15)","decl":{"start":{"line":76,"column":17},"end":{"line":76,"column":18}},"loc":{"start":{"line":76,"column":43},"end":{"line":84,"column":1}},"line":76},"16":{"name":"(anonymous_16)","decl":{"start":{"line":81,"column":9},"end":{"line":81,"column":10}},"loc":{"start":{"line":81,"column":25},"end":{"line":83,"column":2}},"line":81},"17":{"name":"(anonymous_17)","decl":{"start":{"line":86,"column":31},"end":{"line":86,"column":32}},"loc":{"start":{"line":86,"column":57},"end":{"line":118,"column":1}},"line":86},"18":{"name":"(anonymous_18)","decl":{"start":{"line":91,"column":10},"end":{"line":91,"column":11}},"loc":{"start":{"line":91,"column":26},"end":{"line":97,"column":3}},"line":91},"19":{"name":"(anonymous_19)","decl":{"start":{"line":107,"column":11},"end":{"line":107,"column":12}},"loc":{"start":{"line":107,"column":28},"end":{"line":113,"column":4}},"line":107},"20":{"name":"(anonymous_20)","decl":{"start":{"line":120,"column":43},"end":{"line":120,"column":44}},"loc":{"start":{"line":120,"column":69},"end":{"line":124,"column":1}},"line":120},"21":{"name":"(anonymous_21)","decl":{"start":{"line":121,"column":53},"end":{"line":121,"column":54}},"loc":{"start":{"line":121,"column":65},"end":{"line":123,"column":2}},"line":121}},"branchMap":{"0":{"loc":{"start":{"line":3,"column":247},"end":{"line":3,"column":281}},"type":"if","locations":[{"start":{"line":3,"column":247},"end":{"line":3,"column":281}},{"start":{"line":3,"column":247},"end":{"line":3,"column":281}}],"line":3},"1":{"loc":{"start":{"line":3,"column":251},"end":{"line":3,"column":273}},"type":"binary-expr","locations":[{"start":{"line":3,"column":251},"end":{"line":3,"column":252}},{"start":{"line":3,"column":256},"end":{"line":3,"column":273}}],"line":3},"2":{"loc":{"start":{"line":3,"column":339},"end":{"line":3,"column":379}},"type":"if","locations":[{"start":{"line":3,"column":339},"end":{"line":3,"column":379}},{"start":{"line":3,"column":339},"end":{"line":3,"column":379}}],"line":3},"3":{"loc":{"start":{"line":3,"column":343},"end":{"line":3,"column":362}},"type":"binary-expr","locations":[{"start":{"line":3,"column":343},"end":{"line":3,"column":346}},{"start":{"line":3,"column":350},"end":{"line":3,"column":362}}],"line":3},"4":{"loc":{"start":{"line":3,"column":392},"end":{"line":3,"column":409}},"type":"if","locations":[{"start":{"line":3,"column":392},"end":{"line":3,"column":409}},{"start":{"line":3,"column":392},"end":{"line":3,"column":409}}],"line":3},"5":{"loc":{"start":{"line":3,"column":456},"end":{"line":3,"column":656}},"type":"if","locations":[{"start":{"line":3,"column":456},"end":{"line":3,"column":656}},{"start":{"line":3,"column":456},"end":{"line":3,"column":656}}],"line":3},"6":{"loc":{"start":{"line":3,"column":501},"end":{"line":3,"column":656}},"type":"if","locations":[{"start":{"line":3,"column":501},"end":{"line":3,"column":656}},{"start":{"line":3,"column":501},"end":{"line":3,"column":656}}],"line":3},"7":{"loc":{"start":{"line":31,"column":1},"end":{"line":37,"column":2}},"type":"if","locations":[{"start":{"line":31,"column":1},"end":{"line":37,"column":2}},{"start":{"line":31,"column":1},"end":{"line":37,"column":2}}],"line":31},"8":{"loc":{"start":{"line":31,"column":5},"end":{"line":31,"column":64}},"type":"binary-expr","locations":[{"start":{"line":31,"column":5},"end":{"line":31,"column":35}},{"start":{"line":31,"column":39},"end":{"line":31,"column":64}}],"line":31},"9":{"loc":{"start":{"line":42,"column":1},"end":{"line":48,"column":2}},"type":"if","locations":[{"start":{"line":42,"column":1},"end":{"line":48,"column":2}},{"start":{"line":42,"column":1},"end":{"line":48,"column":2}}],"line":42},"10":{"loc":{"start":{"line":42,"column":5},"end":{"line":42,"column":67}},"type":"binary-expr","locations":[{"start":{"line":42,"column":5},"end":{"line":42,"column":38}},{"start":{"line":42,"column":42},"end":{"line":42,"column":67}}],"line":42},"11":{"loc":{"start":{"line":53,"column":1},"end":{"line":59,"column":2}},"type":"if","locations":[{"start":{"line":53,"column":1},"end":{"line":59,"column":2}},{"start":{"line":53,"column":1},"end":{"line":59,"column":2}}],"line":53},"12":{"loc":{"start":{"line":53,"column":5},"end":{"line":53,"column":67}},"type":"binary-expr","locations":[{"start":{"line":53,"column":5},"end":{"line":53,"column":38}},{"start":{"line":53,"column":42},"end":{"line":53,"column":67}}],"line":53},"13":{"loc":{"start":{"line":87,"column":1},"end":{"line":117,"column":2}},"type":"if","locations":[{"start":{"line":87,"column":1},"end":{"line":117,"column":2}},{"start":{"line":87,"column":1},"end":{"line":117,"column":2}}],"line":87},"14":{"loc":{"start":{"line":99,"column":2},"end":{"line":116,"column":3}},"type":"if","locations":[{"start":{"line":99,"column":2},"end":{"line":116,"column":3}},{"start":{"line":99,"column":2},"end":{"line":116,"column":3}}],"line":99}},"s":{"0":1,"1":0,"2":0,"3":0,"4":0,"5":0,"6":0,"7":0,"8":0,"9":0,"10":0,"11":0,"12":0,"13":0,"14":0,"15":0,"16":0,"17":0,"18":1,"19":0,"20":0,"21":0,"22":0,"23":0,"24":1,"25":1,"26":1,"27":1,"28":1,"29":1,"30":1,"31":1,"32":1,"33":1,"34":1,"35":1,"36":1,"37":1,"38":0,"39":0,"40":1,"41":0,"42":0,"43":0,"44":0,"45":1,"46":0,"47":0,"48":0,"49":0,"50":1,"51":0,"52":0,"53":0,"54":0,"55":1,"56":0,"57":0,"58":1,"59":0,"60":0,"61":1,"62":0,"63":0,"64":1,"65":0,"66":0,"67":0,"68":0,"69":0,"70":0,"71":0,"72":0,"73":0,"74":0,"75":0,"76":0,"77":0,"78":1,"79":0,"80":0},"f":{"0":1,"1":0,"2":0,"3":0,"4":0,"5":0,"6":0,"7":0,"8":0,"9":0,"10":0,"11":0,"12":0,"13":0,"14":0,"15":0,"16":0,"17":0,"18":0,"19":0,"20":0,"21":0},"b":{"0":[0,0],"1":[0,0],"2":[0,0],"3":[0,0],"4":[0,0],"5":[0,0],"6":[0,0],"7":[0,0],"8":[0,0],"9":[0,0],"10":[0,0],"11":[0,0],"12":[0,0],"13":[0,0],"14":[0,0]},"_coverageSchema":"332fd63041d2c1bcb487cc26dd0d5f7d97098a6c","hash":"668fafff64c196d04166ec5ebbe4bf596915d917","contentHash":"ee225c165b66e03f7ae39187bf9a649a_11.4.1"},"/Users/ssding/GraceHopperProgram/SeniorPhase/GraceShopper/organics-for-your-little-sister/utilities.js":{"path":"/Users/ssding/GraceHopperProgram/SeniorPhase/GraceShopper/organics-for-your-little-sister/utilities.js","statementMap":{"0":{"start":{"line":3,"column":16},"end":{"line":7,"column":1}},"1":{"start":{"line":4,"column":11},"end":{"line":4,"column":29}},"2":{"start":{"line":5,"column":1},"end":{"line":5,"column":21}},"3":{"start":{"line":6,"column":1},"end":{"line":6,"column":12}},"4":{"start":{"line":9,"column":17},"end":{"line":15,"column":1}},"5":{"start":{"line":13,"column":1},"end":{"line":13,"column":53}},"6":{"start":{"line":13,"column":16},"end":{"line":13,"column":53}},"7":{"start":{"line":14,"column":1},"end":{"line":14,"column":8}},"8":{"start":{"line":17,"column":14},"end":{"line":20,"column":1}},"9":{"start":{"line":18,"column":1},"end":{"line":18,"column":65}},"10":{"start":{"line":18,"column":24},"end":{"line":18,"column":65}},"11":{"start":{"line":19,"column":1},"end":{"line":19,"column":8}},"12":{"start":{"line":22,"column":0},"end":{"line":26,"column":2}}},"fnMap":{"0":{"name":"makeError","decl":{"start":{"line":3,"column":25},"end":{"line":3,"column":34}},"loc":{"start":{"line":3,"column":52},"end":{"line":7,"column":1}},"line":3},"1":{"name":"isLoggedIn","decl":{"start":{"line":9,"column":26},"end":{"line":9,"column":36}},"loc":{"start":{"line":9,"column":53},"end":{"line":15,"column":1}},"line":9},"2":{"name":"isAdmin","decl":{"start":{"line":17,"column":23},"end":{"line":17,"column":30}},"loc":{"start":{"line":17,"column":47},"end":{"line":20,"column":1}},"line":17}},"branchMap":{"0":{"loc":{"start":{"line":13,"column":1},"end":{"line":13,"column":53}},"type":"if","locations":[{"start":{"line":13,"column":1},"end":{"line":13,"column":53}},{"start":{"line":13,"column":1},"end":{"line":13,"column":53}}],"line":13},"1":{"loc":{"start":{"line":18,"column":1},"end":{"line":18,"column":65}},"type":"if","locations":[{"start":{"line":18,"column":1},"end":{"line":18,"column":65}},{"start":{"line":18,"column":1},"end":{"line":18,"column":65}}],"line":18}},"s":{"0":1,"1":0,"2":0,"3":0,"4":1,"5":0,"6":0,"7":0,"8":1,"9":0,"10":0,"11":0,"12":1},"f":{"0":0,"1":0,"2":0},"b":{"0":[0,0],"1":[0,0]},"_coverageSchema":"332fd63041d2c1bcb487cc26dd0d5f7d97098a6c","hash":"60de634581e0fc62a987e73fac52427373f36d21","contentHash":"0afcf47d7ac5cbda9e2062c76478a5b5_11.4.1"},"/Users/ssding/GraceHopperProgram/SeniorPhase/GraceShopper/organics-for-your-little-sister/server/api/products.js":{"path":"/Users/ssding/GraceHopperProgram/SeniorPhase/GraceShopper/organics-for-your-little-sister/server/api/products.js","statementMap":{"0":{"start":{"line":3,"column":21},"end":{"line":3,"column":663}},"1":{"start":{"line":3,"column":79},"end":{"line":3,"column":81}},"2":{"start":{"line":3,"column":92},"end":{"line":3,"column":96}},"3":{"start":{"line":3,"column":107},"end":{"line":3,"column":112}},"4":{"start":{"line":3,"column":123},"end":{"line":3,"column":132}},"5":{"start":{"line":3,"column":134},"end":{"line":3,"column":413}},"6":{"start":{"line":3,"column":140},"end":{"line":3,"column":283}},"7":{"start":{"line":3,"column":226},"end":{"line":3,"column":246}},"8":{"start":{"line":3,"column":247},"end":{"line":3,"column":281}},"9":{"start":{"line":3,"column":275},"end":{"line":3,"column":281}},"10":{"start":{"line":3,"column":300},"end":{"line":3,"column":310}},"11":{"start":{"line":3,"column":311},"end":{"line":3,"column":320}},"12":{"start":{"line":3,"column":333},"end":{"line":3,"column":411}},"13":{"start":{"line":3,"column":339},"end":{"line":3,"column":379}},"14":{"start":{"line":3,"column":364},"end":{"line":3,"column":379}},"15":{"start":{"line":3,"column":392},"end":{"line":3,"column":409}},"16":{"start":{"line":3,"column":400},"end":{"line":3,"column":409}},"17":{"start":{"line":3,"column":414},"end":{"line":3,"column":426}},"18":{"start":{"line":3,"column":429},"end":{"line":3,"column":659}},"19":{"start":{"line":3,"column":456},"end":{"line":3,"column":656}},"20":{"start":{"line":3,"column":482},"end":{"line":3,"column":493}},"21":{"start":{"line":3,"column":501},"end":{"line":3,"column":656}},"22":{"start":{"line":3,"column":539},"end":{"line":3,"column":568}},"23":{"start":{"line":3,"column":578},"end":{"line":3,"column":654}},"24":{"start":{"line":5,"column":13},"end":{"line":5,"column":40}},"25":{"start":{"line":7,"column":15},"end":{"line":7,"column":38}},"26":{"start":{"line":8,"column":14},"end":{"line":8,"column":30}},"27":{"start":{"line":9,"column":13},"end":{"line":9,"column":28}},"28":{"start":{"line":11,"column":16},"end":{"line":11,"column":42}},"29":{"start":{"line":12,"column":14},"end":{"line":12,"column":31}},"30":{"start":{"line":14,"column":0},"end":{"line":14,"column":24}},"31":{"start":{"line":16,"column":0},"end":{"line":20,"column":3}},"32":{"start":{"line":17,"column":2},"end":{"line":19,"column":17}},"33":{"start":{"line":18,"column":4},"end":{"line":18,"column":30}},"34":{"start":{"line":22,"column":0},"end":{"line":28,"column":3}},"35":{"start":{"line":23,"column":2},"end":{"line":27,"column":17}},"36":{"start":{"line":26,"column":4},"end":{"line":26,"column":29}},"37":{"start":{"line":30,"column":0},"end":{"line":38,"column":3}},"38":{"start":{"line":31,"column":2},"end":{"line":37,"column":17}},"39":{"start":{"line":36,"column":4},"end":{"line":36,"column":23}},"40":{"start":{"line":40,"column":0},"end":{"line":47,"column":3}},"41":{"start":{"line":41,"column":2},"end":{"line":46,"column":17}},"42":{"start":{"line":42,"column":20},"end":{"line":44,"column":6}},"43":{"start":{"line":43,"column":6},"end":{"line":43,"column":48}},"44":{"start":{"line":45,"column":4},"end":{"line":45,"column":24}},"45":{"start":{"line":49,"column":0},"end":{"line":53,"column":3}},"46":{"start":{"line":50,"column":2},"end":{"line":52,"column":17}},"47":{"start":{"line":51,"column":4},"end":{"line":51,"column":34}},"48":{"start":{"line":55,"column":0},"end":{"line":63,"column":3}},"49":{"start":{"line":56,"column":2},"end":{"line":62,"column":17}},"50":{"start":{"line":57,"column":16},"end":{"line":57,"column":39}},"51":{"start":{"line":58,"column":14},"end":{"line":58,"column":22}},"52":{"start":{"line":59,"column":18},"end":{"line":59,"column":26}},"53":{"start":{"line":61,"column":4},"end":{"line":61,"column":32}},"54":{"start":{"line":65,"column":0},"end":{"line":69,"column":3}},"55":{"start":{"line":66,"column":2},"end":{"line":68,"column":17}},"56":{"start":{"line":67,"column":4},"end":{"line":67,"column":31}}},"fnMap":{"0":{"name":"(anonymous_0)","decl":{"start":{"line":3,"column":21},"end":{"line":3,"column":22}},"loc":{"start":{"line":3,"column":33},"end":{"line":3,"column":661}},"line":3},"1":{"name":"sliceIterator","decl":{"start":{"line":3,"column":44},"end":{"line":3,"column":57}},"loc":{"start":{"line":3,"column":66},"end":{"line":3,"column":428}},"line":3},"2":{"name":"(anonymous_2)","decl":{"start":{"line":3,"column":436},"end":{"line":3,"column":437}},"loc":{"start":{"line":3,"column":454},"end":{"line":3,"column":658}},"line":3},"3":{"name":"(anonymous_3)","decl":{"start":{"line":16,"column":16},"end":{"line":16,"column":17}},"loc":{"start":{"line":16,"column":42},"end":{"line":20,"column":1}},"line":16},"4":{"name":"(anonymous_4)","decl":{"start":{"line":17,"column":25},"end":{"line":17,"column":26}},"loc":{"start":{"line":17,"column":45},"end":{"line":19,"column":3}},"line":17},"5":{"name":"(anonymous_5)","decl":{"start":{"line":22,"column":19},"end":{"line":22,"column":20}},"loc":{"start":{"line":22,"column":45},"end":{"line":28,"column":1}},"line":22},"6":{"name":"(anonymous_6)","decl":{"start":{"line":25,"column":10},"end":{"line":25,"column":11}},"loc":{"start":{"line":25,"column":29},"end":{"line":27,"column":3}},"line":25},"7":{"name":"(anonymous_7)","decl":{"start":{"line":30,"column":34},"end":{"line":30,"column":35}},"loc":{"start":{"line":30,"column":60},"end":{"line":38,"column":1}},"line":30},"8":{"name":"(anonymous_8)","decl":{"start":{"line":35,"column":10},"end":{"line":35,"column":11}},"loc":{"start":{"line":35,"column":30},"end":{"line":37,"column":3}},"line":35},"9":{"name":"(anonymous_9)","decl":{"start":{"line":40,"column":44},"end":{"line":40,"column":45}},"loc":{"start":{"line":40,"column":70},"end":{"line":47,"column":1}},"line":40},"10":{"name":"(anonymous_10)","decl":{"start":{"line":41,"column":71},"end":{"line":41,"column":72}},"loc":{"start":{"line":41,"column":90},"end":{"line":46,"column":3}},"line":41},"11":{"name":"(anonymous_11)","decl":{"start":{"line":42,"column":35},"end":{"line":42,"column":36}},"loc":{"start":{"line":42,"column":54},"end":{"line":44,"column":5}},"line":42},"12":{"name":"(anonymous_12)","decl":{"start":{"line":49,"column":26},"end":{"line":49,"column":27}},"loc":{"start":{"line":49,"column":52},"end":{"line":53,"column":1}},"line":49},"13":{"name":"(anonymous_13)","decl":{"start":{"line":50,"column":32},"end":{"line":50,"column":33}},"loc":{"start":{"line":50,"column":51},"end":{"line":52,"column":3}},"line":50},"14":{"name":"(anonymous_14)","decl":{"start":{"line":55,"column":28},"end":{"line":55,"column":29}},"loc":{"start":{"line":55,"column":54},"end":{"line":63,"column":1}},"line":55},"15":{"name":"(anonymous_15)","decl":{"start":{"line":56,"column":83},"end":{"line":56,"column":84}},"loc":{"start":{"line":56,"column":99},"end":{"line":62,"column":3}},"line":56},"16":{"name":"(anonymous_16)","decl":{"start":{"line":65,"column":31},"end":{"line":65,"column":32}},"loc":{"start":{"line":65,"column":57},"end":{"line":69,"column":1}},"line":65},"17":{"name":"(anonymous_17)","decl":{"start":{"line":66,"column":57},"end":{"line":66,"column":58}},"loc":{"start":{"line":66,"column":69},"end":{"line":68,"column":3}},"line":66}},"branchMap":{"0":{"loc":{"start":{"line":3,"column":247},"end":{"line":3,"column":281}},"type":"if","locations":[{"start":{"line":3,"column":247},"end":{"line":3,"column":281}},{"start":{"line":3,"column":247},"end":{"line":3,"column":281}}],"line":3},"1":{"loc":{"start":{"line":3,"column":251},"end":{"line":3,"column":273}},"type":"binary-expr","locations":[{"start":{"line":3,"column":251},"end":{"line":3,"column":252}},{"start":{"line":3,"column":256},"end":{"line":3,"column":273}}],"line":3},"2":{"loc":{"start":{"line":3,"column":339},"end":{"line":3,"column":379}},"type":"if","locations":[{"start":{"line":3,"column":339},"end":{"line":3,"column":379}},{"start":{"line":3,"column":339},"end":{"line":3,"column":379}}],"line":3},"3":{"loc":{"start":{"line":3,"column":343},"end":{"line":3,"column":362}},"type":"binary-expr","locations":[{"start":{"line":3,"column":343},"end":{"line":3,"column":346}},{"start":{"line":3,"column":350},"end":{"line":3,"column":362}}],"line":3},"4":{"loc":{"start":{"line":3,"column":392},"end":{"line":3,"column":409}},"type":"if","locations":[{"start":{"line":3,"column":392},"end":{"line":3,"column":409}},{"start":{"line":3,"column":392},"end":{"line":3,"column":409}}],"line":3},"5":{"loc":{"start":{"line":3,"column":456},"end":{"line":3,"column":656}},"type":"if","locations":[{"start":{"line":3,"column":456},"end":{"line":3,"column":656}},{"start":{"line":3,"column":456},"end":{"line":3,"column":656}}],"line":3},"6":{"loc":{"start":{"line":3,"column":501},"end":{"line":3,"column":656}},"type":"if","locations":[{"start":{"line":3,"column":501},"end":{"line":3,"column":656}},{"start":{"line":3,"column":501},"end":{"line":3,"column":656}}],"line":3}},"s":{"0":1,"1":0,"2":0,"3":0,"4":0,"5":0,"6":0,"7":0,"8":0,"9":0,"10":0,"11":0,"12":0,"13":0,"14":0,"15":0,"16":0,"17":0,"18":1,"19":0,"20":0,"21":0,"22":0,"23":0,"24":1,"25":1,"26":1,"27":1,"28":1,"29":1,"30":1,"31":1,"32":0,"33":0,"34":1,"35":0,"36":0,"37":1,"38":0,"39":0,"40":1,"41":0,"42":0,"43":0,"44":0,"45":1,"46":0,"47":0,"48":1,"49":0,"50":0,"51":0,"52":0,"53":0,"54":1,"55":0,"56":0},"f":{"0":1,"1":0,"2":0,"3":0,"4":0,"5":0,"6":0,"7":0,"8":0,"9":0,"10":0,"11":0,"12":0,"13":0,"14":0,"15":0,"16":0,"17":0},"b":{"0":[0,0],"1":[0,0],"2":[0,0],"3":[0,0],"4":[0,0],"5":[0,0],"6":[0,0]},"_coverageSchema":"332fd63041d2c1bcb487cc26dd0d5f7d97098a6c","hash":"bc24b7632612faccc9162e4cc1af850ec84f2aaf","contentHash":"5f7a544ec8c6fa86f9baff7ab48db563_11.4.1"},"/Users/ssding/GraceHopperProgram/SeniorPhase/GraceShopper/organics-for-your-little-sister/server/api/reviews.js":{"path":"/Users/ssding/GraceHopperProgram/SeniorPhase/GraceShopper/organics-for-your-little-sister/server/api/reviews.js","statementMap":{"0":{"start":{"line":3,"column":21},"end":{"line":3,"column":663}},"1":{"start":{"line":3,"column":79},"end":{"line":3,"column":81}},"2":{"start":{"line":3,"column":92},"end":{"line":3,"column":96}},"3":{"start":{"line":3,"column":107},"end":{"line":3,"column":112}},"4":{"start":{"line":3,"column":123},"end":{"line":3,"column":132}},"5":{"start":{"line":3,"column":134},"end":{"line":3,"column":413}},"6":{"start":{"line":3,"column":140},"end":{"line":3,"column":283}},"7":{"start":{"line":3,"column":226},"end":{"line":3,"column":246}},"8":{"start":{"line":3,"column":247},"end":{"line":3,"column":281}},"9":{"start":{"line":3,"column":275},"end":{"line":3,"column":281}},"10":{"start":{"line":3,"column":300},"end":{"line":3,"column":310}},"11":{"start":{"line":3,"column":311},"end":{"line":3,"column":320}},"12":{"start":{"line":3,"column":333},"end":{"line":3,"column":411}},"13":{"start":{"line":3,"column":339},"end":{"line":3,"column":379}},"14":{"start":{"line":3,"column":364},"end":{"line":3,"column":379}},"15":{"start":{"line":3,"column":392},"end":{"line":3,"column":409}},"16":{"start":{"line":3,"column":400},"end":{"line":3,"column":409}},"17":{"start":{"line":3,"column":414},"end":{"line":3,"column":426}},"18":{"start":{"line":3,"column":429},"end":{"line":3,"column":659}},"19":{"start":{"line":3,"column":456},"end":{"line":3,"column":656}},"20":{"start":{"line":3,"column":482},"end":{"line":3,"column":493}},"21":{"start":{"line":3,"column":501},"end":{"line":3,"column":656}},"22":{"start":{"line":3,"column":539},"end":{"line":3,"column":568}},"23":{"start":{"line":3,"column":578},"end":{"line":3,"column":654}},"24":{"start":{"line":5,"column":13},"end":{"line":5,"column":40}},"25":{"start":{"line":7,"column":15},"end":{"line":7,"column":38}},"26":{"start":{"line":8,"column":13},"end":{"line":8,"column":28}},"27":{"start":{"line":10,"column":16},"end":{"line":10,"column":42}},"28":{"start":{"line":11,"column":17},"end":{"line":11,"column":37}},"29":{"start":{"line":12,"column":16},"end":{"line":12,"column":35}},"30":{"start":{"line":13,"column":14},"end":{"line":13,"column":31}},"31":{"start":{"line":15,"column":0},"end":{"line":15,"column":24}},"32":{"start":{"line":18,"column":0},"end":{"line":22,"column":3}},"33":{"start":{"line":19,"column":2},"end":{"line":21,"column":17}},"34":{"start":{"line":20,"column":4},"end":{"line":20,"column":29}},"35":{"start":{"line":24,"column":0},"end":{"line":28,"column":3}},"36":{"start":{"line":25,"column":2},"end":{"line":27,"column":17}},"37":{"start":{"line":26,"column":4},"end":{"line":26,"column":28}},"38":{"start":{"line":30,"column":0},"end":{"line":34,"column":3}},"39":{"start":{"line":31,"column":2},"end":{"line":33,"column":17}},"40":{"start":{"line":32,"column":4},"end":{"line":32,"column":40}},"41":{"start":{"line":36,"column":0},"end":{"line":48,"column":3}},"42":{"start":{"line":37,"column":2},"end":{"line":47,"column":3}},"43":{"start":{"line":38,"column":4},"end":{"line":44,"column":19}},"44":{"start":{"line":39,"column":18},"end":{"line":39,"column":41}},"45":{"start":{"line":40,"column":16},"end":{"line":40,"column":24}},"46":{"start":{"line":41,"column":20},"end":{"line":41,"column":28}},"47":{"start":{"line":43,"column":6},"end":{"line":43,"column":34}},"48":{"start":{"line":46,"column":4},"end":{"line":46,"column":77}},"49":{"start":{"line":50,"column":0},"end":{"line":58,"column":3}},"50":{"start":{"line":51,"column":2},"end":{"line":57,"column":3}},"51":{"start":{"line":52,"column":4},"end":{"line":54,"column":19}},"52":{"start":{"line":53,"column":6},"end":{"line":53,"column":33}},"53":{"start":{"line":56,"column":4},"end":{"line":56,"column":77}}},"fnMap":{"0":{"name":"(anonymous_0)","decl":{"start":{"line":3,"column":21},"end":{"line":3,"column":22}},"loc":{"start":{"line":3,"column":33},"end":{"line":3,"column":661}},"line":3},"1":{"name":"sliceIterator","decl":{"start":{"line":3,"column":44},"end":{"line":3,"column":57}},"loc":{"start":{"line":3,"column":66},"end":{"line":3,"column":428}},"line":3},"2":{"name":"(anonymous_2)","decl":{"start":{"line":3,"column":436},"end":{"line":3,"column":437}},"loc":{"start":{"line":3,"column":454},"end":{"line":3,"column":658}},"line":3},"3":{"name":"(anonymous_3)","decl":{"start":{"line":18,"column":16},"end":{"line":18,"column":17}},"loc":{"start":{"line":18,"column":42},"end":{"line":22,"column":1}},"line":18},"4":{"name":"(anonymous_4)","decl":{"start":{"line":19,"column":24},"end":{"line":19,"column":25}},"loc":{"start":{"line":19,"column":43},"end":{"line":21,"column":3}},"line":19},"5":{"name":"(anonymous_5)","decl":{"start":{"line":24,"column":19},"end":{"line":24,"column":20}},"loc":{"start":{"line":24,"column":45},"end":{"line":28,"column":1}},"line":24},"6":{"name":"(anonymous_6)","decl":{"start":{"line":25,"column":38},"end":{"line":25,"column":39}},"loc":{"start":{"line":25,"column":56},"end":{"line":27,"column":3}},"line":25},"7":{"name":"(anonymous_7)","decl":{"start":{"line":30,"column":29},"end":{"line":30,"column":30}},"loc":{"start":{"line":30,"column":55},"end":{"line":34,"column":1}},"line":30},"8":{"name":"(anonymous_8)","decl":{"start":{"line":31,"column":31},"end":{"line":31,"column":32}},"loc":{"start":{"line":31,"column":49},"end":{"line":33,"column":3}},"line":31},"9":{"name":"(anonymous_9)","decl":{"start":{"line":36,"column":31},"end":{"line":36,"column":32}},"loc":{"start":{"line":36,"column":57},"end":{"line":48,"column":1}},"line":36},"10":{"name":"(anonymous_10)","decl":{"start":{"line":38,"column":84},"end":{"line":38,"column":85}},"loc":{"start":{"line":38,"column":100},"end":{"line":44,"column":5}},"line":38},"11":{"name":"(anonymous_11)","decl":{"start":{"line":50,"column":34},"end":{"line":50,"column":35}},"loc":{"start":{"line":50,"column":60},"end":{"line":58,"column":1}},"line":50},"12":{"name":"(anonymous_12)","decl":{"start":{"line":52,"column":58},"end":{"line":52,"column":59}},"loc":{"start":{"line":52,"column":70},"end":{"line":54,"column":5}},"line":52}},"branchMap":{"0":{"loc":{"start":{"line":3,"column":247},"end":{"line":3,"column":281}},"type":"if","locations":[{"start":{"line":3,"column":247},"end":{"line":3,"column":281}},{"start":{"line":3,"column":247},"end":{"line":3,"column":281}}],"line":3},"1":{"loc":{"start":{"line":3,"column":251},"end":{"line":3,"column":273}},"type":"binary-expr","locations":[{"start":{"line":3,"column":251},"end":{"line":3,"column":252}},{"start":{"line":3,"column":256},"end":{"line":3,"column":273}}],"line":3},"2":{"loc":{"start":{"line":3,"column":339},"end":{"line":3,"column":379}},"type":"if","locations":[{"start":{"line":3,"column":339},"end":{"line":3,"column":379}},{"start":{"line":3,"column":339},"end":{"line":3,"column":379}}],"line":3},"3":{"loc":{"start":{"line":3,"column":343},"end":{"line":3,"column":362}},"type":"binary-expr","locations":[{"start":{"line":3,"column":343},"end":{"line":3,"column":346}},{"start":{"line":3,"column":350},"end":{"line":3,"column":362}}],"line":3},"4":{"loc":{"start":{"line":3,"column":392},"end":{"line":3,"column":409}},"type":"if","locations":[{"start":{"line":3,"column":392},"end":{"line":3,"column":409}},{"start":{"line":3,"column":392},"end":{"line":3,"column":409}}],"line":3},"5":{"loc":{"start":{"line":3,"column":456},"end":{"line":3,"column":656}},"type":"if","locations":[{"start":{"line":3,"column":456},"end":{"line":3,"column":656}},{"start":{"line":3,"column":456},"end":{"line":3,"column":656}}],"line":3},"6":{"loc":{"start":{"line":3,"column":501},"end":{"line":3,"column":656}},"type":"if","locations":[{"start":{"line":3,"column":501},"end":{"line":3,"column":656}},{"start":{"line":3,"column":501},"end":{"line":3,"column":656}}],"line":3},"7":{"loc":{"start":{"line":37,"column":2},"end":{"line":47,"column":3}},"type":"if","locations":[{"start":{"line":37,"column":2},"end":{"line":47,"column":3}},{"start":{"line":37,"column":2},"end":{"line":47,"column":3}}],"line":37},"8":{"loc":{"start":{"line":37,"column":6},"end":{"line":37,"column":64}},"type":"binary-expr","locations":[{"start":{"line":37,"column":6},"end":{"line":37,"column":35}},{"start":{"line":37,"column":39},"end":{"line":37,"column":64}}],"line":37},"9":{"loc":{"start":{"line":51,"column":2},"end":{"line":57,"column":3}},"type":"if","locations":[{"start":{"line":51,"column":2},"end":{"line":57,"column":3}},{"start":{"line":51,"column":2},"end":{"line":57,"column":3}}],"line":51},"10":{"loc":{"start":{"line":51,"column":6},"end":{"line":51,"column":64}},"type":"binary-expr","locations":[{"start":{"line":51,"column":6},"end":{"line":51,"column":35}},{"start":{"line":51,"column":39},"end":{"line":51,"column":64}}],"line":51}},"s":{"0":1,"1":0,"2":0,"3":0,"4":0,"5":0,"6":0,"7":0,"8":0,"9":0,"10":0,"11":0,"12":0,"13":0,"14":0,"15":0,"16":0,"17":0,"18":1,"19":0,"20":0,"21":0,"22":0,"23":0,"24":1,"25":1,"26":1,"27":1,"28":1,"29":1,"30":1,"31":1,"32":1,"33":0,"34":0,"35":1,"36":0,"37":0,"38":1,"39":0,"40":0,"41":1,"42":0,"43":0,"44":0,"45":0,"46":0,"47":0,"48":0,"49":1,"50":0,"51":0,"52":0,"53":0},"f":{"0":1,"1":0,"2":0,"3":0,"4":0,"5":0,"6":0,"7":0,"8":0,"9":0,"10":0,"11":0,"12":0},"b":{"0":[0,0],"1":[0,0],"2":[0,0],"3":[0,0],"4":[0,0],"5":[0,0],"6":[0,0],"7":[0,0],"8":[0,0],"9":[0,0],"10":[0,0]},"_coverageSchema":"332fd63041d2c1bcb487cc26dd0d5f7d97098a6c","hash":"ce3b68de8abce2e555dbd0f13a32e6b53e091f2a","contentHash":"dc590de45146530b016df5cd8f0e8bab_11.4.1"},"/Users/ssding/GraceHopperProgram/SeniorPhase/GraceShopper/organics-for-your-little-sister/server/api/orders.js":{"path":"/Users/ssding/GraceHopperProgram/SeniorPhase/GraceShopper/organics-for-your-little-sister/server/api/orders.js","statementMap":{"0":{"start":{"line":3,"column":21},"end":{"line":3,"column":663}},"1":{"start":{"line":3,"column":79},"end":{"line":3,"column":81}},"2":{"start":{"line":3,"column":92},"end":{"line":3,"column":96}},"3":{"start":{"line":3,"column":107},"end":{"line":3,"column":112}},"4":{"start":{"line":3,"column":123},"end":{"line":3,"column":132}},"5":{"start":{"line":3,"column":134},"end":{"line":3,"column":413}},"6":{"start":{"line":3,"column":140},"end":{"line":3,"column":283}},"7":{"start":{"line":3,"column":226},"end":{"line":3,"column":246}},"8":{"start":{"line":3,"column":247},"end":{"line":3,"column":281}},"9":{"start":{"line":3,"column":275},"end":{"line":3,"column":281}},"10":{"start":{"line":3,"column":300},"end":{"line":3,"column":310}},"11":{"start":{"line":3,"column":311},"end":{"line":3,"column":320}},"12":{"start":{"line":3,"column":333},"end":{"line":3,"column":411}},"13":{"start":{"line":3,"column":339},"end":{"line":3,"column":379}},"14":{"start":{"line":3,"column":364},"end":{"line":3,"column":379}},"15":{"start":{"line":3,"column":392},"end":{"line":3,"column":409}},"16":{"start":{"line":3,"column":400},"end":{"line":3,"column":409}},"17":{"start":{"line":3,"column":414},"end":{"line":3,"column":426}},"18":{"start":{"line":3,"column":429},"end":{"line":3,"column":659}},"19":{"start":{"line":3,"column":456},"end":{"line":3,"column":656}},"20":{"start":{"line":3,"column":482},"end":{"line":3,"column":493}},"21":{"start":{"line":3,"column":501},"end":{"line":3,"column":656}},"22":{"start":{"line":3,"column":539},"end":{"line":3,"column":568}},"23":{"start":{"line":3,"column":578},"end":{"line":3,"column":654}},"24":{"start":{"line":5,"column":13},"end":{"line":5,"column":40}},"25":{"start":{"line":7,"column":15},"end":{"line":7,"column":38}},"26":{"start":{"line":8,"column":11},"end":{"line":8,"column":24}},"27":{"start":{"line":9,"column":12},"end":{"line":9,"column":26}},"28":{"start":{"line":10,"column":15},"end":{"line":10,"column":32}},"29":{"start":{"line":12,"column":16},"end":{"line":12,"column":42}},"30":{"start":{"line":13,"column":17},"end":{"line":13,"column":37}},"31":{"start":{"line":14,"column":16},"end":{"line":14,"column":35}},"32":{"start":{"line":15,"column":14},"end":{"line":15,"column":31}},"33":{"start":{"line":17,"column":0},"end":{"line":17,"column":24}},"34":{"start":{"line":20,"column":0},"end":{"line":24,"column":3}},"35":{"start":{"line":21,"column":1},"end":{"line":23,"column":16}},"36":{"start":{"line":22,"column":2},"end":{"line":22,"column":31}},"37":{"start":{"line":27,"column":0},"end":{"line":37,"column":3}},"38":{"start":{"line":28,"column":1},"end":{"line":36,"column":2}},"39":{"start":{"line":29,"column":2},"end":{"line":33,"column":17}},"40":{"start":{"line":32,"column":3},"end":{"line":32,"column":31}},"41":{"start":{"line":35,"column":2},"end":{"line":35,"column":71}},"42":{"start":{"line":39,"column":0},"end":{"line":43,"column":3}},"43":{"start":{"line":40,"column":1},"end":{"line":42,"column":16}},"44":{"start":{"line":41,"column":2},"end":{"line":41,"column":37}},"45":{"start":{"line":45,"column":0},"end":{"line":56,"column":3}},"46":{"start":{"line":46,"column":1},"end":{"line":55,"column":16}},"47":{"start":{"line":50,"column":14},"end":{"line":50,"column":37}},"48":{"start":{"line":51,"column":10},"end":{"line":51,"column":18}},"49":{"start":{"line":52,"column":16},"end":{"line":52,"column":24}},"50":{"start":{"line":54,"column":2},"end":{"line":54,"column":42}},"51":{"start":{"line":58,"column":0},"end":{"line":62,"column":3}},"52":{"start":{"line":59,"column":1},"end":{"line":61,"column":16}},"53":{"start":{"line":60,"column":2},"end":{"line":60,"column":29}}},"fnMap":{"0":{"name":"(anonymous_0)","decl":{"start":{"line":3,"column":21},"end":{"line":3,"column":22}},"loc":{"start":{"line":3,"column":33},"end":{"line":3,"column":661}},"line":3},"1":{"name":"sliceIterator","decl":{"start":{"line":3,"column":44},"end":{"line":3,"column":57}},"loc":{"start":{"line":3,"column":66},"end":{"line":3,"column":428}},"line":3},"2":{"name":"(anonymous_2)","decl":{"start":{"line":3,"column":436},"end":{"line":3,"column":437}},"loc":{"start":{"line":3,"column":454},"end":{"line":3,"column":658}},"line":3},"3":{"name":"(anonymous_3)","decl":{"start":{"line":20,"column":25},"end":{"line":20,"column":26}},"loc":{"start":{"line":20,"column":51},"end":{"line":24,"column":1}},"line":20},"4":{"name":"(anonymous_4)","decl":{"start":{"line":21,"column":24},"end":{"line":21,"column":25}},"loc":{"start":{"line":21,"column":42},"end":{"line":23,"column":2}},"line":21},"5":{"name":"(anonymous_5)","decl":{"start":{"line":27,"column":36},"end":{"line":27,"column":37}},"loc":{"start":{"line":27,"column":62},"end":{"line":37,"column":1}},"line":27},"6":{"name":"(anonymous_6)","decl":{"start":{"line":31,"column":10},"end":{"line":31,"column":11}},"loc":{"start":{"line":31,"column":27},"end":{"line":33,"column":3}},"line":31},"7":{"name":"(anonymous_7)","decl":{"start":{"line":39,"column":17},"end":{"line":39,"column":18}},"loc":{"start":{"line":39,"column":43},"end":{"line":43,"column":1}},"line":39},"8":{"name":"(anonymous_8)","decl":{"start":{"line":40,"column":29},"end":{"line":40,"column":30}},"loc":{"start":{"line":40,"column":46},"end":{"line":42,"column":2}},"line":40},"9":{"name":"(anonymous_9)","decl":{"start":{"line":45,"column":19},"end":{"line":45,"column":20}},"loc":{"start":{"line":45,"column":45},"end":{"line":56,"column":1}},"line":45},"10":{"name":"(anonymous_10)","decl":{"start":{"line":49,"column":9},"end":{"line":49,"column":10}},"loc":{"start":{"line":49,"column":25},"end":{"line":55,"column":2}},"line":49},"11":{"name":"(anonymous_11)","decl":{"start":{"line":58,"column":22},"end":{"line":58,"column":23}},"loc":{"start":{"line":58,"column":48},"end":{"line":62,"column":1}},"line":58},"12":{"name":"(anonymous_12)","decl":{"start":{"line":59,"column":54},"end":{"line":59,"column":55}},"loc":{"start":{"line":59,"column":66},"end":{"line":61,"column":2}},"line":59}},"branchMap":{"0":{"loc":{"start":{"line":3,"column":247},"end":{"line":3,"column":281}},"type":"if","locations":[{"start"
[...]
,"column":89},"end":{"line":116,"column":3}},"line":114},"38":{"name":"(anonymous_38)","decl":{"start":{"line":116,"column":11},"end":{"line":116,"column":12}},"loc":{"start":{"line":116,"column":26},"end":{"line":118,"column":3}},"line":116},"39":{"name":"reducer","decl":{"start":{"line":123,"column":9},"end":{"line":123,"column":16}},"loc":{"start":{"line":123,"column":19},"end":{"line":143,"column":1}},"line":123}},"branchMap":{"0":{"loc":{"start":{"line":13,"column":46},"end":{"line":13,"column":92}},"type":"cond-expr","locations":[{"start":{"line":13,"column":70},"end":{"line":13,"column":73}},{"start":{"line":13,"column":76},"end":{"line":13,"column":92}}],"line":13},"1":{"loc":{"start":{"line":13,"column":46},"end":{"line":13,"column":67}},"type":"binary-expr","locations":[{"start":{"line":13,"column":46},"end":{"line":13,"column":49}},{"start":{"line":13,"column":53},"end":{"line":13,"column":67}}],"line":13},"2":{"loc":{"start":{"line":15,"column":35},"end":{"line":15,"column":193}},"type":"if","locations":[{"start":{"line":15,"column":35},"end":{"line":15,"column":193}},{"start":{"line":15,"column":35},"end":{"line":15,"column":193}}],"line":15},"3":{"loc":{"start":{"line":124,"column":14},"end":{"line":124,"column":84}},"type":"cond-expr","locations":[{"start":{"line":124,"column":67},"end":{"line":124,"column":79}},{"start":{"line":124,"column":82},"end":{"line":124,"column":84}}],"line":124},"4":{"loc":{"start":{"line":124,"column":14},"end":{"line":124,"column":64}},"type":"binary-expr","locations":[{"start":{"line":124,"column":14},"end":{"line":124,"column":34}},{"start":{"line":124,"column":38},"end":{"line":124,"column":64}}],"line":124},"5":{"loc":{"start":{"line":129,"column":1},"end":{"line":142,"column":2}},"type":"switch","locations":[{"start":{"line":130,"column":2},"end":{"line":131,"column":24}},{"start":{"line":132,"column":2},"end":{"line":133,"column":23}},{"start":{"line":134,"column":2},"end":{"line":135,"column":60}},{"start":{"line":140,"column":2},"end":{"line":141,"column":17}}],"line":129}},"s":{"0":1,"1":1,"2":1,"3":1,"4":1,"5":1,"6":0,"7":0,"8":0,"9":0,"10":0,"11":1,"12":1,"13":1,"14":1,"15":1,"16":1,"17":1,"18":0,"19":1,"20":0,"21":1,"22":1,"23":1,"24":1,"25":1,"26":1,"27":1,"28":0,"29":1,"30":0,"31":0,"32":0,"33":0,"34":0,"35":1,"36":0,"37":0,"38":0,"39":0,"40":0,"41":1,"42":0,"43":0,"44":0,"45":0,"46":0,"47":1,"48":0,"49":0,"50":0,"51":0,"52":0,"53":1,"54":0,"55":0,"56":0,"57":0,"58":0,"59":1,"60":0,"61":0,"62":0,"63":0,"64":0,"65":0,"66":0,"67":0,"68":0,"69":0,"70":0,"71":0,"72":0},"f":{"0":1,"1":0,"2":1,"3":0,"4":0,"5":1,"6":1,"7":1,"8":1,"9":0,"10":0,"11":0,"12":0,"13":0,"14":0,"15":0,"16":0,"17":0,"18":0,"19":0,"20":0,"21":0,"22":0,"23":0,"24":0,"25":0,"26":0,"27":0,"28":0,"29":0,"30":0,"31":0,"32":0,"33":0,"34":0,"35":0,"36":0,"37":0,"38":0,"39":0},"b":{"0":[0,1],"1":[1,1],"2":[0,0],"3":[0,0],"4":[0,0],"5":[0,0,0,0]},"_coverageSchema":"332fd63041d2c1bcb487cc26dd0d5f7d97098a6c","hash":"fe4b6eba2d04a3fe18cd82d3e039dc871c638e4e","contentHash":"aa0748760e4c1d87d015bdb6eba582e8_11.4.1"},"/Users/ssding/GraceHopperProgram/SeniorPhase/GraceShopper/organics-for-your-little-sister/client/components/user-home.spec.js":{"path":"/Users/ssding/GraceHopperProgram/SeniorPhase/GraceShopper/organics-for-your-little-sister/client/components/user-home.spec.js","statementMap":{"0":{"start":{"line":3,"column":12},"end":{"line":3,"column":27}},"1":{"start":{"line":5,"column":13},"end":{"line":5,"column":29}},"2":{"start":{"line":7,"column":14},"end":{"line":7,"column":44}},"3":{"start":{"line":9,"column":14},"end":{"line":9,"column":31}},"4":{"start":{"line":11,"column":15},"end":{"line":11,"column":46}},"5":{"start":{"line":13,"column":26},"end":{"line":13,"column":60}},"6":{"start":{"line":15,"column":27},"end":{"line":15,"column":70}},"7":{"start":{"line":17,"column":16},"end":{"line":17,"column":38}},"8":{"start":{"line":19,"column":39},"end":{"line":19,"column":93}},"9":{"start":{"line":21,"column":14},"end":{"line":21,"column":48}},"10":{"start":{"line":23,"column":0},"end":{"line":23,"column":49}},"11":{"start":{"line":25,"column":0},"end":{"line":43,"column":3}},"12":{"start":{"line":26,"column":17},"end":{"line":26,"column":23}},"13":{"start":{"line":28,"column":2},"end":{"line":33,"column":5}},"14":{"start":{"line":29,"column":20},"end":{"line":29,"column":57}},"15":{"start":{"line":30,"column":4},"end":{"line":32,"column":7}},"16":{"start":{"line":31,"column":6},"end":{"line":31,"column":96}},"17":{"start":{"line":36,"column":2},"end":{"line":42,"column":5}},"18":{"start":{"line":37,"column":4},"end":{"line":37,"column":127}},"19":{"start":{"line":39,"column":4},"end":{"line":41,"column":7}},"20":{"start":{"line":40,"column":6},"end":{"line":40,"column":102}}},"fnMap":{"0":{"name":"_interopRequireDefault","decl":{"start":{"line":19,"column":9},"end":{"line":19,"column":31}},"loc":{"start":{"line":19,"column":37},"end":{"line":19,"column":95}},"line":19},"1":{"name":"(anonymous_1)","decl":{"start":{"line":25,"column":21},"end":{"line":25,"column":22}},"loc":{"start":{"line":25,"column":33},"end":{"line":43,"column":1}},"line":25},"2":{"name":"(anonymous_2)","decl":{"start":{"line":28,"column":23},"end":{"line":28,"column":24}},"loc":{"start":{"line":28,"column":35},"end":{"line":33,"column":3}},"line":28},"3":{"name":"(anonymous_3)","decl":{"start":{"line":30,"column":40},"end":{"line":30,"column":41}},"loc":{"start":{"line":30,"column":52},"end":{"line":32,"column":5}},"line":30},"4":{"name":"(anonymous_4)","decl":{"start":{"line":36,"column":34},"end":{"line":36,"column":35}},"loc":{"start":{"line":36,"column":46},"end":{"line":42,"column":3}},"line":36},"5":{"name":"(anonymous_5)","decl":{"start":{"line":39,"column":59},"end":{"line":39,"column":60}},"loc":{"start":{"line":39,"column":71},"end":{"line":41,"column":5}},"line":39}},"branchMap":{"0":{"loc":{"start":{"line":19,"column":46},"end":{"line":19,"column":92}},"type":"cond-expr","locations":[{"start":{"line":19,"column":70},"end":{"line":19,"column":73}},{"start":{"line":19,"column":76},"end":{"line":19,"column":92}}],"line":19},"1":{"loc":{"start":{"line":19,"column":46},"end":{"line":19,"column":67}},"type":"binary-expr","locations":[{"start":{"line":19,"column":46},"end":{"line":19,"column":49}},{"start":{"line":19,"column":53},"end":{"line":19,"column":67}}],"line":19}},"s":{"0":1,"1":1,"2":1,"3":1,"4":1,"5":1,"6":1,"7":1,"8":3,"9":1,"10":1,"11":1,"12":1,"13":1,"14":1,"15":1,"16":1,"17":1,"18":1,"19":1,"20":1},"f":{"0":3,"1":1,"2":1,"3":1,"4":1,"5":1},"b":{"0":[0,3],"1":[3,3]},"_coverageSchema":"332fd63041d2c1bcb487cc26dd0d5f7d97098a6c","hash":"da7fd24df1677c78f4b83545adc2bb10229dc604","contentHash":"42ea714c580ecc459dac132f0e2770be_11.4.1"},"/Users/ssding/GraceHopperProgram/SeniorPhase/GraceShopper/organics-for-your-little-sister/client/components/user-home.js":{"path":"/Users/ssding/GraceHopperProgram/SeniorPhase/GraceShopper/organics-for-your-little-sister/client/components/user-home.js","statementMap":{"0":{"start":{"line":3,"column":0},"end":{"line":5,"column":3}},"1":{"start":{"line":6,"column":0},"end":{"line":6,"column":48}},"2":{"start":{"line":8,"column":13},"end":{"line":8,"column":29}},"3":{"start":{"line":10,"column":14},"end":{"line":10,"column":44}},"4":{"start":{"line":12,"column":17},"end":{"line":12,"column":38}},"5":{"start":{"line":14,"column":18},"end":{"line":14,"column":52}},"6":{"start":{"line":16,"column":18},"end":{"line":16,"column":40}},"7":{"start":{"line":18,"column":39},"end":{"line":18,"column":93}},"8":{"start":{"line":23,"column":15},"end":{"line":37,"column":1}},"9":{"start":{"line":24,"column":14},"end":{"line":24,"column":25}},"10":{"start":{"line":27,"column":2},"end":{"line":36,"column":4}},"11":{"start":{"line":42,"column":15},"end":{"line":46,"column":1}},"12":{"start":{"line":43,"column":2},"end":{"line":45,"column":4}},"13":{"start":{"line":48,"column":0},"end":{"line":48,"column":63}},"14":{"start":{"line":54,"column":0},"end":{"line":56,"column":2}}},"fnMap":{"0":{"name":"_interopRequireDefault","decl":{"start":{"line":18,"column":9},"end":{"line":18,"column":31}},"loc":{"start":{"line":18,"column":37},"end":{"line":18,"column":95}},"line":18},"1":{"name":"UserHome","decl":{"start":{"line":23,"column":43},"end":{"line":23,"column":51}},"loc":{"start":{"line":23,"column":59},"end":{"line":37,"column":1}},"line":23},"2":{"name":"mapState","decl":{"start":{"line":42,"column":43},"end":{"line":42,"column":51}},"loc":{"start":{"line":42,"column":59},"end":{"line":46,"column":1}},"line":42}},"branchMap":{"0":{"loc":{"start":{"line":18,"column":46},"end":{"line":18,"column":92}},"type":"cond-expr","locations":[{"start":{"line":18,"column":70},"end":{"line":18,"column":73}},{"start":{"line":18,"column":76},"end":{"line":18,"column":92}}],"line":18},"1":{"loc":{"start":{"line":18,"column":46},"end":{"line":18,"column":67}},"type":"binary-expr","locations":[{"start":{"line":18,"column":46},"end":{"line":18,"column":49}},{"start":{"line":18,"column":53},"end":{"line":18,"column":67}}],"line":18}},"s":{"0":1,"1":1,"2":1,"3":1,"4":1,"5":1,"6":1,"7":2,"8":1,"9":1,"10":1,"11":1,"12":1,"13":1,"14":1},"f":{"0":2,"1":1,"2":1},"b":{"0":[0,2],"1":[2,2]},"_coverageSchema":"332fd63041d2c1bcb487cc26dd0d5f7d97098a6c","hash":"faeb28d7014cebf16bb90e502fe47144a423da10","contentHash":"aad0c13e3aac0becd96eb6ef95e6fd02_11.4.1"},"/Users/ssding/GraceHopperProgram/SeniorPhase/GraceShopper/organics-for-your-little-sister/client/store/order.spec.js":{"path":"/Users/ssding/GraceHopperProgram/SeniorPhase/GraceShopper/organics-for-your-little-sister/client/store/order.spec.js","statementMap":{"0":{"start":{"line":3,"column":12},"end":{"line":3,"column":27}},"1":{"start":{"line":5,"column":13},"end":{"line":5,"column":31}},"2":{"start":{"line":7,"column":13},"end":{"line":7,"column":29}},"3":{"start":{"line":9,"column":14},"end":{"line":9,"column":44}},"4":{"start":{"line":11,"column":24},"end":{"line":11,"column":53}},"5":{"start":{"line":13,"column":25},"end":{"line":13,"column":66}},"6":{"start":{"line":15,"column":22},"end":{"line":15,"column":49}},"7":{"start":{"line":17,"column":23},"end":{"line":17,"column":62}},"8":{"start":{"line":19,"column":18},"end":{"line":19,"column":40}},"9":{"start":{"line":21,"column":19},"end":{"line":21,"column":54}},"10":{"start":{"line":23,"column":15},"end":{"line":23,"column":36}},"11":{"start":{"line":25,"column":16},"end":{"line":25,"column":48}},"12":{"start":{"line":27,"column":39},"end":{"line":27,"column":93}},"13":{"start":{"line":29,"column":18},"end":{"line":29,"column":40}},"14":{"start":{"line":31,"column":16},"end":{"line":31,"column":58}},"15":{"start":{"line":33,"column":0},"end":{"line":61,"column":3}},"16":{"start":{"line":34,"column":14},"end":{"line":34,"column":20}},"17":{"start":{"line":35,"column":18},"end":{"line":35,"column":24}},"18":{"start":{"line":37,"column":21},"end":{"line":40,"column":3}},"19":{"start":{"line":40,"column":4},"end":{"line":43,"column":5}},"20":{"start":{"line":41,"column":4},"end":{"line":41,"column":64}},"21":{"start":{"line":42,"column":4},"end":{"line":42,"column":36}},"22":{"start":{"line":45,"column":2},"end":{"line":48,"column":5}},"23":{"start":{"line":46,"column":4},"end":{"line":46,"column":24}},"24":{"start":{"line":47,"column":4},"end":{"line":47,"column":25}},"25":{"start":{"line":50,"column":2},"end":{"line":60,"column":5}},"26":{"start":{"line":51,"column":4},"end":{"line":59,"column":7}},"27":{"start":{"line":52,"column":22},"end":{"line":52,"column":92}},"28":{"start":{"line":53,"column":6},"end":{"line":53,"column":62}},"29":{"start":{"line":54,"column":6},"end":{"line":58,"column":9}},"30":{"start":{"line":55,"column":22},"end":{"line":55,"column":40}},"31":{"start":{"line":56,"column":8},"end":{"line":56,"column":73}},"32":{"start":{"line":57,"column":8},"end":{"line":57,"column":73}}},"fnMap":{"0":{"name":"_interopRequireDefault","decl":{"start":{"line":27,"column":9},"end":{"line":27,"column":31}},"loc":{"start":{"line":27,"column":37},"end":{"line":27,"column":95}},"line":27},"1":{"name":"(anonymous_1)","decl":{"start":{"line":33,"column":27},"end":{"line":33,"column":28}},"loc":{"start":{"line":33,"column":39},"end":{"line":61,"column":1}},"line":33},"2":{"name":"(anonymous_2)","decl":{"start":{"line":40,"column":15},"end":{"line":40,"column":16}},"loc":{"start":{"line":40,"column":27},"end":{"line":43,"column":3}},"line":40},"3":{"name":"(anonymous_3)","decl":{"start":{"line":45,"column":12},"end":{"line":45,"column":13}},"loc":{"start":{"line":45,"column":24},"end":{"line":48,"column":3}},"line":45},"4":{"name":"(anonymous_4)","decl":{"start":{"line":50,"column":35},"end":{"line":50,"column":36}},"loc":{"start":{"line":50,"column":47},"end":{"line":60,"column":3}},"line":50},"5":{"name":"(anonymous_5)","decl":{"start":{"line":51,"column":58},"end":{"line":51,"column":59}},"loc":{"start":{"line":51,"column":70},"end":{"line":59,"column":5}},"line":51},"6":{"name":"(anonymous_6)","decl":{"start":{"line":54,"column":63},"end":{"line":54,"column":64}},"loc":{"start":{"line":54,"column":75},"end":{"line":58,"column":7}},"line":54}},"branchMap":{"0":{"loc":{"start":{"line":27,"column":46},"end":{"line":27,"column":92}},"type":"cond-expr","locations":[{"start":{"line":27,"column":70},"end":{"line":27,"column":73}},{"start":{"line":27,"column":76},"end":{"line":27,"column":92}}],"line":27},"1":{"loc":{"start":{"line":27,"column":46},"end":{"line":27,"column":67}},"type":"binary-expr","locations":[{"start":{"line":27,"column":46},"end":{"line":27,"column":49}},{"start":{"line":27,"column":53},"end":{"line":27,"column":67}}],"line":27}},"s":{"0":1,"1":1,"2":1,"3":1,"4":1,"5":1,"6":1,"7":1,"8":1,"9":1,"10":1,"11":1,"12":5,"13":1,"14":1,"15":1,"16":1,"17":1,"18":1,"19":1,"20":1,"21":1,"22":1,"23":1,"24":1,"25":1,"26":1,"27":1,"28":1,"29":1,"30":0,"31":0,"32":0},"f":{"0":5,"1":1,"2":1,"3":1,"4":1,"5":1,"6":0},"b":{"0":[2,3],"1":[5,5]},"_coverageSchema":"332fd63041d2c1bcb487cc26dd0d5f7d97098a6c","hash":"ad1c5ca41f226e9b44eb333855efc975beadcd64","contentHash":"1660b93deaf54ad0e199ed29194bb554_11.4.1"},"/Users/ssding/GraceHopperProgram/SeniorPhase/GraceShopper/organics-for-your-little-sister/client/store/user.spec.js":{"path":"/Users/ssding/GraceHopperProgram/SeniorPhase/GraceShopper/organics-for-your-little-sister/client/store/user.spec.js","statementMap":{"0":{"start":{"line":3,"column":12},"end":{"line":3,"column":27}},"1":{"start":{"line":5,"column":12},"end":{"line":5,"column":29}},"2":{"start":{"line":7,"column":13},"end":{"line":7,"column":29}},"3":{"start":{"line":9,"column":14},"end":{"line":9,"column":44}},"4":{"start":{"line":11,"column":24},"end":{"line":11,"column":53}},"5":{"start":{"line":13,"column":25},"end":{"line":13,"column":66}},"6":{"start":{"line":15,"column":22},"end":{"line":15,"column":49}},"7":{"start":{"line":17,"column":23},"end":{"line":17,"column":62}},"8":{"start":{"line":19,"column":18},"end":{"line":19,"column":40}},"9":{"start":{"line":21,"column":19},"end":{"line":21,"column":54}},"10":{"start":{"line":23,"column":15},"end":{"line":23,"column":36}},"11":{"start":{"line":25,"column":16},"end":{"line":25,"column":48}},"12":{"start":{"line":27,"column":39},"end":{"line":27,"column":93}},"13":{"start":{"line":29,"column":18},"end":{"line":29,"column":40}},"14":{"start":{"line":31,"column":16},"end":{"line":31,"column":58}},"15":{"start":{"line":33,"column":0},"end":{"line":72,"column":3}},"16":{"start":{"line":34,"column":14},"end":{"line":34,"column":20}},"17":{"start":{"line":35,"column":18},"end":{"line":35,"column":24}},"18":{"start":{"line":37,"column":21},"end":{"line":40,"column":3}},"19":{"start":{"line":40,"column":4},"end":{"line":43,"column":5}},"20":{"start":{"line":41,"column":4},"end":{"line":41,"column":64}},"21":{"start":{"line":42,"column":4},"end":{"line":42,"column":36}},"22":{"start":{"line":45,"column":2},"end":{"line":48,"column":5}},"23":{"start":{"line":46,"column":4},"end":{"line":46,"column":24}},"24":{"start":{"line":47,"column":4},"end":{"line":47,"column":25}},"25":{"start":{"line":50,"column":2},"end":{"line":60,"column":5}},"26":{"start":{"line":51,"column":4},"end":{"line":59,"column":7}},"27":{"start":{"line":52,"column":21},"end":{"line":52,"column":38}},"28":{"start":{"line":53,"column":6},"end":{"line":53,"column":59}},"29":{"start":{"line":54,"column":6},"end":{"line":58,"column":9}},"30":{"start":{"line":55,"column":22},"end":{"line":55,"column":40}},"31":{"start":{"line":56,"column":8},"end":{"line":56,"column":67}},"32":{"start":{"line":57,"column":8},"end":{"line":57,"column":70}},"33":{"start":{"line":62,"column":2},"end":{"line":71,"column":5}},"34":{"start":{"line":63,"column":4},"end":{"line":70,"column":7}},"35":{"start":{"line":64,"column":6},"end":{"line":64,"column":54}},"36":{"start":{"line":65,"column":6},"end":{"line":69,"column":9}},"37":{"start":{"line":66,"column":22},"end":{"line":66,"column":40}},"38":{"start":{"line":67,"column":8},"end":{"line":67,"column":70}},"39":{"start":{"line":68,"column":8},"end":{"line":68,"column":85}}},"fnMap":{"0":{"name":"_interopRequireDefault","decl":{"start":{"line":27,"column":9},"end":{"line":27,"column":31}},"loc":{"start":{"line":27,"column":37},"end":{"line":27,"column":95}},"line":27},"1":{"name":"(anonymous_1)","decl":{"start":{"line":33,"column":27},"end":{"line":33,"column":28}},"loc":{"start":{"line":33,"column":39},"end":{"line":72,"column":1}},"line":33},"2":{"name":"(anonymous_2)","decl":{"start":{"line":40,"column":15},"end":{"line":40,"column":16}},"loc":{"start":{"line":40,"column":27},"end":{"line":43,"column":3}},"line":40},"3":{"name":"(anonymous_3)","decl":{"start":{"line":45,"column":12},"end":{"line":45,"column":13}},"loc":{"start":{"line":45,"column":24},"end":{"line":48,"column":3}},"line":45},"4":{"name":"(anonymous_4)","decl":{"start":{"line":50,"column":17},"end":{"line":50,"column":18}},"loc":{"start":{"line":50,"column":29},"end":{"line":60,"column":3}},"line":50},"5":{"name":"(anonymous_5)","decl":{"start":{"line":51,"column":52},"end":{"line":51,"column":53}},"loc":{"start":{"line":51,"column":64},"end":{"line":59,"column":5}},"line":51},"6":{"name":"(anonymous_6)","decl":{"start":{"line":54,"column":50},"end":{"line":54,"column":51}},"loc":{"start":{"line":54,"column":62},"end":{"line":58,"column":7}},"line":54},"7":{"name":"(anonymous_7)","decl":{"start":{"line":62,"column":21},"end":{"line":62,"column":22}},"loc":{"start":{"line":62,"column":33},"end":{"line":71,"column":3}},"line":62},"8":{"name":"(anonymous_8)","decl":{"start":{"line":63,"column":63},"end":{"line":63,"column":64}},"loc":{"start":{"line":63,"column":75},"end":{"line":70,"column":5}},"line":63},"9":{"name":"(anonymous_9)","decl":{"start":{"line":65,"column":54},"end":{"line":65,"column":55}},"loc":{"start":{"line":65,"column":66},"end":{"line":69,"column":7}},"line":65}},"branchMap":{"0":{"loc":{"start":{"line":27,"column":46},"end":{"line":27,"column":92}},"type":"cond-expr","locations":[{"start":{"line":27,"column":70},"end":{"line":27,"column":73}},{"start":{"line":27,"column":76},"end":{"line":27,"column":92}}],"line":27},"1":{"loc":{"start":{"line":27,"column":46},"end":{"line":27,"column":67}},"type":"binary-expr","locations":[{"start":{"line":27,"column":46},"end":{"line":27,"column":49}},{"start":{"line":27,"column":53},"end":{"line":27,"column":67}}],"line":27}},"s":{"0":1,"1":1,"2":1,"3":1,"4":1,"5":1,"6":1,"7":1,"8":1,"9":1,"10":1,"11":1,"12":5,"13":1,"14":1,"15":1,"16":1,"17":1,"18":1,"19":1,"20":2,"21":2,"22":1,"23":2,"24":2,"25":1,"26":1,"27":1,"28":1,"29":1,"30":1,"31":1,"32":1,"33":1,"34":1,"35":1,"36":1,"37":1,"38":1,"39":1},"f":{"0":5,"1":1,"2":2,"3":2,"4":1,"5":1,"6":1,"7":1,"8":1,"9":1},"b":{"0":[2,3],"1":[5,5]},"_coverageSchema":"332fd63041d2c1bcb487cc26dd0d5f7d97098a6c","hash":"a38a326368ad175c0aee8f8b4e6f0e3a6a7a28b3","contentHash":"1385c07151e946a16432d417419e2cca_11.4.1"}}